[debug] [2025-06-03T03:23:19.969Z] ----------------------------------------------------------------------
[debug] [2025-06-03T03:23:19.974Z] Command:       /Users/shuwang/.nvm/versions/node/v22.15.0/bin/node /Users/shuwang/.nvm/versions/node/v22.15.0/bin/firebase emulators:start
[debug] [2025-06-03T03:23:19.974Z] CLI Version:   14.3.1
[debug] [2025-06-03T03:23:19.974Z] Platform:      darwin
[debug] [2025-06-03T03:23:19.974Z] Node Version:  v22.15.0
[debug] [2025-06-03T03:23:19.974Z] Time:          Mon Jun 02 2025 23:23:19 GMT-0400 (Eastern Daylight Time)
[debug] [2025-06-03T03:23:19.975Z] ----------------------------------------------------------------------
[debug] 
[debug] [2025-06-03T03:23:20.094Z] > command requires scopes: ["email","openid","https://www.googleapis.com/auth/cloudplatformprojects.readonly","https://www.googleapis.com/auth/firebase","https://www.googleapis.com/auth/cloud-platform"]
[debug] [2025-06-03T03:23:20.094Z] > authorizing via signed-in user (shuw425@gmail.com)
[info] i  emulators: Starting emulators: functions, hosting, extensions {"metadata":{"emulator":{"name":"hub"},"message":"Starting emulators: functions, hosting, extensions"}}
[debug] [2025-06-03T03:23:20.096Z] Checked if tokens are valid: true, expires at: 1748923501471
[debug] [2025-06-03T03:23:20.096Z] Checked if tokens are valid: true, expires at: 1748923501471
[debug] [2025-06-03T03:23:20.096Z] >>> [apiv2][query] GET https://serviceusage.googleapis.com/v1/projects/amzaon-clone-4bb41/services/cloudresourcemanager.googleapis.com [none]
[debug] [2025-06-03T03:23:20.096Z] >>> [apiv2][(partial)header] GET https://serviceusage.googleapis.com/v1/projects/amzaon-clone-4bb41/services/cloudresourcemanager.googleapis.com x-goog-quota-user=projects/amzaon-clone-4bb41
[debug] [2025-06-03T03:23:20.469Z] <<< [apiv2][status] GET https://serviceusage.googleapis.com/v1/projects/amzaon-clone-4bb41/services/cloudresourcemanager.googleapis.com 200
[debug] [2025-06-03T03:23:20.469Z] <<< [apiv2][body] GET https://serviceusage.googleapis.com/v1/projects/amzaon-clone-4bb41/services/cloudresourcemanager.googleapis.com [omitted]
[debug] [2025-06-03T03:23:20.470Z] Checked if tokens are valid: true, expires at: 1748923501471
[debug] [2025-06-03T03:23:20.470Z] Checked if tokens are valid: true, expires at: 1748923501471
[debug] [2025-06-03T03:23:20.470Z] >>> [apiv2][query] GET https://cloudresourcemanager.googleapis.com/v1/projects/amzaon-clone-4bb41 [none]
[debug] [2025-06-03T03:23:20.655Z] <<< [apiv2][status] GET https://cloudresourcemanager.googleapis.com/v1/projects/amzaon-clone-4bb41 200
[debug] [2025-06-03T03:23:20.656Z] <<< [apiv2][body] GET https://cloudresourcemanager.googleapis.com/v1/projects/amzaon-clone-4bb41 {"projectNumber":"250745692601","projectId":"amzaon-clone-4bb41","lifecycleState":"ACTIVE","name":"amzaon-clone","labels":{"firebase":"enabled","firebase-core":"disabled"},"createTime":"2025-05-11T20:05:26.825256Z"}
[debug] [2025-06-03T03:23:20.959Z] [logging] Logging Emulator only supports listening on one address (127.0.0.1). Not listening on ::1
[warn] ⚠  hosting: Hosting Emulator unable to start on port 5000, starting on 5002 instead. {"metadata":{"emulator":{"name":"hosting"},"message":"Hosting Emulator unable to start on port 5000, starting on 5002 instead."}}
[debug] [2025-06-03T03:23:20.959Z] [hosting] Hosting Emulator only supports listening on one address (127.0.0.1). Not listening on ::1
[debug] [2025-06-03T03:23:20.959Z] assigned listening specs for emulators {"user":{"hub":[{"address":"127.0.0.1","family":"IPv4","port":4400},{"address":"::1","family":"IPv6","port":4400}],"ui":[{"address":"127.0.0.1","family":"IPv4","port":4000},{"address":"::1","family":"IPv6","port":4000}],"logging":[{"address":"127.0.0.1","family":"IPv4","port":4500}],"hosting":[{"address":"127.0.0.1","family":"IPv4","port":5002}]},"metadata":{"message":"assigned listening specs for emulators"}}
[debug] [2025-06-03T03:23:20.962Z] [hub] writing locator at /var/folders/2_/hznb4nh92kgbbg6l4hz4nkm00000gn/T/hub-amzaon-clone-4bb41.json
[debug] [2025-06-03T03:23:20.964Z] [Extensions] Started Extensions emulator, this is a noop.
[debug] [2025-06-03T03:23:21.111Z] [functions] Functions Emulator only supports listening on one address (127.0.0.1). Not listening on ::1
[debug] [2025-06-03T03:23:21.111Z] [eventarc] Eventarc Emulator only supports listening on one address (127.0.0.1). Not listening on ::1
[debug] [2025-06-03T03:23:21.111Z] [tasks] Cloud Tasks Emulator only supports listening on one address (127.0.0.1). Not listening on ::1
[debug] [2025-06-03T03:23:21.111Z] late-assigned ports for functions and eventarc emulators {"user":{"hub":[{"address":"127.0.0.1","family":"IPv4","port":4400},{"address":"::1","family":"IPv6","port":4400}],"ui":[{"address":"127.0.0.1","family":"IPv4","port":4000},{"address":"::1","family":"IPv6","port":4000}],"logging":[{"address":"127.0.0.1","family":"IPv4","port":4500}],"hosting":[{"address":"127.0.0.1","family":"IPv4","port":5002}],"functions":[{"address":"127.0.0.1","family":"IPv4","port":5001}],"eventarc":[{"address":"127.0.0.1","family":"IPv4","port":9299}],"tasks":[{"address":"127.0.0.1","family":"IPv4","port":9499}]},"metadata":{"message":"late-assigned ports for functions and eventarc emulators"}}
[warn] ⚠  functions: The following emulators are not running, calls to these services from the Functions emulator will affect production: apphosting, auth, firestore, database, pubsub, storage, dataconnect {"metadata":{"emulator":{"name":"functions"},"message":"The following emulators are not running, calls to these services from the Functions emulator will affect production: \u001b[1mapphosting, auth, firestore, database, pubsub, storage, dataconnect\u001b[22m"}}
[debug] [2025-06-03T03:23:21.119Z] defaultcredentials: writing to file /Users/shuwang/.config/firebase/shuw425_gmail_com_application_default_credentials.json
[debug] [2025-06-03T03:23:21.120Z] Setting GAC to /Users/shuwang/.config/firebase/shuw425_gmail_com_application_default_credentials.json {"metadata":{"emulator":{"name":"functions"},"message":"Setting GAC to /Users/shuwang/.config/firebase/shuw425_gmail_com_application_default_credentials.json"}}
[debug] [2025-06-03T03:23:21.120Z] Checked if tokens are valid: true, expires at: 1748923501471
[debug] [2025-06-03T03:23:21.120Z] Checked if tokens are valid: true, expires at: 1748923501471
[debug] [2025-06-03T03:23:21.120Z] >>> [apiv2][query] GET https://firebase.googleapis.com/v1beta1/projects/amzaon-clone-4bb41/adminSdkConfig [none]
[debug] [2025-06-03T03:23:21.510Z] <<< [apiv2][status] GET https://firebase.googleapis.com/v1beta1/projects/amzaon-clone-4bb41/adminSdkConfig 200
[debug] [2025-06-03T03:23:21.511Z] <<< [apiv2][body] GET https://firebase.googleapis.com/v1beta1/projects/amzaon-clone-4bb41/adminSdkConfig {"projectId":"amzaon-clone-4bb41","storageBucket":"amzaon-clone-4bb41.firebasestorage.app"}
[debug] [2025-06-03T03:23:21.550Z] Checked if tokens are valid: true, expires at: 1748923501471
[debug] [2025-06-03T03:23:21.550Z] Checked if tokens are valid: true, expires at: 1748923501471
[debug] [2025-06-03T03:23:21.551Z] >>> [apiv2][query] GET https://firebasehosting.googleapis.com/v1beta1/projects/amzaon-clone-4bb41/sites 
[debug] [2025-06-03T03:23:22.136Z] <<< [apiv2][status] GET https://firebasehosting.googleapis.com/v1beta1/projects/amzaon-clone-4bb41/sites 200
[debug] [2025-06-03T03:23:22.137Z] <<< [apiv2][body] GET https://firebasehosting.googleapis.com/v1beta1/projects/amzaon-clone-4bb41/sites {"sites":[{"name":"projects/amzaon-clone-4bb41/sites/amzaon-clone-4bb41","defaultUrl":"https://amzaon-clone-4bb41.web.app","appId":"1:250745692601:web:d5afb263e7fa1c48891668","type":"DEFAULT_SITE"}]}
[debug] [2025-06-03T03:23:22.137Z] Checked if tokens are valid: true, expires at: 1748923501471
[debug] [2025-06-03T03:23:22.137Z] Checked if tokens are valid: true, expires at: 1748923501471
[debug] [2025-06-03T03:23:22.137Z] >>> [apiv2][query] GET https://firebase.googleapis.com/v1beta1/projects/amzaon-clone-4bb41/webApps/1:250745692601:web:d5afb263e7fa1c48891668/config [none]
[debug] [2025-06-03T03:23:22.613Z] <<< [apiv2][status] GET https://firebase.googleapis.com/v1beta1/projects/amzaon-clone-4bb41/webApps/1:250745692601:web:d5afb263e7fa1c48891668/config 200
[debug] [2025-06-03T03:23:22.613Z] <<< [apiv2][body] GET https://firebase.googleapis.com/v1beta1/projects/amzaon-clone-4bb41/webApps/1:250745692601:web:d5afb263e7fa1c48891668/config {"projectId":"amzaon-clone-4bb41","appId":"1:250745692601:web:d5afb263e7fa1c48891668","storageBucket":"amzaon-clone-4bb41.firebasestorage.app","apiKey":"AIzaSyAYFCDZweaGVvWHLhkBU9sSUaF1gzaUJoU","authDomain":"amzaon-clone-4bb41.firebaseapp.com","messagingSenderId":"250745692601","measurementId":"G-ZXFZS9PWCJ"}
[debug] [2025-06-03T03:23:22.715Z] Checked if tokens are valid: true, expires at: 1748923501471
[debug] [2025-06-03T03:23:22.716Z] Checked if tokens are valid: true, expires at: 1748923501471
[debug] [2025-06-03T03:23:22.716Z] >>> [apiv2][query] GET https://firebase.googleapis.com/v1beta1/projects/amzaon-clone-4bb41 [none]
[debug] [2025-06-03T03:23:22.930Z] <<< [apiv2][status] GET https://firebase.googleapis.com/v1beta1/projects/amzaon-clone-4bb41 200
[debug] [2025-06-03T03:23:22.930Z] <<< [apiv2][body] GET https://firebase.googleapis.com/v1beta1/projects/amzaon-clone-4bb41 {"projectId":"amzaon-clone-4bb41","projectNumber":"250745692601","displayName":"amzaon-clone","name":"projects/amzaon-clone-4bb41","resources":{"hostingSite":"amzaon-clone-4bb41"},"state":"ACTIVE","etag":"1_91cc4c7c-4cdf-48ca-8dca-c46ef29d1594"}
[info] i  hosting[amzaon-clone-4bb41]: Serving hosting files from: build {"metadata":{"emulator":{"name":"hosting"},"message":"Serving hosting files from: \u001b[1mbuild\u001b[22m"}}
[info] ✔  hosting[amzaon-clone-4bb41]: Local server: http://127.0.0.1:5002 {"metadata":{"emulator":{"name":"hosting"},"message":"Local server: \u001b[4m\u001b[1mhttp://127.0.0.1:5002\u001b[22m\u001b[24m"}}
[debug] [2025-06-03T03:23:22.968Z] [Extensions] Connecting Extensions emulator, this is a noop.
[info] i  functions: Watching "/Users/shuwang/Documents/personal/insist_CS/portfolio/practice/010-full-stack-amazon-clone/amazon-clone/functions" for Cloud Functions... {"metadata":{"emulator":{"name":"functions"},"message":"Watching \"/Users/shuwang/Documents/personal/insist_CS/portfolio/practice/010-full-stack-amazon-clone/amazon-clone/functions\" for Cloud Functions..."}}
[debug] [2025-06-03T03:23:22.972Z] Validating nodejs source
[debug] [2025-06-03T03:23:23.580Z] > [functions] package.json contents: {
  "name": "functions",
  "description": "Cloud Functions for Firebase",
  "scripts": {
    "lint": "eslint .",
    "serve": "firebase emulators:start --only functions",
    "shell": "firebase functions:shell",
    "start": "npm run shell",
    "deploy": "firebase deploy --only functions",
    "logs": "firebase functions:log"
  },
  "engines": {
    "node": "22"
  },
  "main": "index.js",
  "dependencies": {
    "cors": "^2.8.5",
    "dotenv": "^16.5.0",
    "express": "^5.1.0",
    "firebase-admin": "^12.6.0",
    "firebase-functions": "^6.0.1",
    "stripe": "^18.2.0"
  },
  "devDependencies": {
    "eslint": "^8.15.0",
    "eslint-config-google": "^0.14.0",
    "firebase-functions-test": "^3.1.0"
  },
  "private": true
}
[debug] [2025-06-03T03:23:23.581Z] Building nodejs source
[debug] [2025-06-03T03:23:23.581Z] Failed to find version of module node: reached end of search path /Users/shuwang/Documents/personal/insist_CS/portfolio/practice/010-full-stack-amazon-clone/amazon-clone/functions/node_modules
[info] ✔  functions: Using node@22 from host. 
[info] i  functions: Loaded environment variables from .env. 
[debug] [2025-06-03T03:23:23.584Z] Could not find functions.yaml. Must use http discovery
[debug] [2025-06-03T03:23:23.631Z] Found firebase-functions binary at '/Users/shuwang/Documents/personal/insist_CS/portfolio/practice/010-full-stack-amazon-clone/amazon-clone/functions/node_modules/.bin/firebase-functions'
[info] Serving at port 8391

[debug] [2025-06-03T03:23:24.037Z] Got response from /__/functions.yaml {"endpoints":{"api":{"availableMemoryMb":null,"timeoutSeconds":null,"minInstances":null,"maxInstances":null,"ingressSettings":null,"concurrency":null,"serviceAccountEmail":null,"vpc":null,"platform":"gcfv2","labels":{},"httpsTrigger":{},"entryPoint":"api"}},"specVersion":"v1alpha1","requiredAPIs":[],"extensions":{}}
[debug] [2025-06-03T03:23:28.055Z] defaultcredentials: writing to file /Users/shuwang/.config/firebase/shuw425_gmail_com_application_default_credentials.json
[debug] [2025-06-03T03:23:28.056Z] Setting GAC to /Users/shuwang/.config/firebase/shuw425_gmail_com_application_default_credentials.json {"metadata":{"emulator":{"name":"functions"},"message":"Setting GAC to /Users/shuwang/.config/firebase/shuw425_gmail_com_application_default_credentials.json"}}
[info] ✔  functions: Loaded functions definitions from source: api. {"metadata":{"emulator":{"name":"functions"},"message":"Loaded functions definitions from source: api."}}
[info] ✔  functions[us-central1-api]: http function initialized (http://127.0.0.1:5001/amzaon-clone-4bb41/us-central1/api). {"metadata":{"emulator":{"name":"functions"},"message":"\u001b[1mhttp\u001b[22m function initialized (http://127.0.0.1:5001/amzaon-clone-4bb41/us-central1/api)."}}
[debug] [2025-06-03T03:23:28.060Z] Could not find VSCode notification endpoint: FetchError: request to http://localhost:40001/vscode/notify failed, reason: . If you are not running the Firebase Data Connect VSCode extension, this is expected and not an issue.
[info] 
┌─────────────────────────────────────────────────────────────┐
│ ✔  All emulators ready! It is now safe to connect your app. │
│ i  View Emulator UI at http://127.0.0.1:4000/               │
└─────────────────────────────────────────────────────────────┘

┌────────────┬────────────────┬──────────────────────────────────┐
│ Emulator   │ Host:Port      │ View in Emulator UI              │
├────────────┼────────────────┼──────────────────────────────────┤
│ Functions  │ 127.0.0.1:5001 │ http://127.0.0.1:4000/functions  │
├────────────┼────────────────┼──────────────────────────────────┤
│ Hosting    │ 127.0.0.1:5002 │ n/a                              │
├────────────┼────────────────┼──────────────────────────────────┤
│ Extensions │ 127.0.0.1:5001 │ http://127.0.0.1:4000/extensions │
└────────────┴────────────────┴──────────────────────────────────┘
  Emulator Hub host: 127.0.0.1 port: 4400
  Other reserved ports: 4500
┌─────────────────────────┬───────────────┬─────────────────────┐
│ Extension Instance Name │ Extension Ref │ View in Emulator UI │
└─────────────────────────┴───────────────┴─────────────────────┘
Issues? Report them at https://github.com/firebase/firebase-tools/issues and attach the *-debug.log files.
 
[debug] [2025-06-03T03:23:48.023Z] [work-queue] {"queuedWork":["/amzaon-clone-4bb41/us-central1/api/payments/create-2025-06-03T03:23:48.023Z"],"queueLength":1,"runningWork":[],"workRunningCount":0}
[debug] [2025-06-03T03:23:48.025Z] [work-queue] {"queuedWork":[],"queueLength":0,"runningWork":["/amzaon-clone-4bb41/us-central1/api/payments/create-2025-06-03T03:23:48.023Z"],"workRunningCount":1}
[debug] [2025-06-03T03:23:48.025Z] Accepted request POST /amzaon-clone-4bb41/us-central1/api/payments/create?total=0 --> us-central1-api
[debug] [2025-06-03T03:23:48.031Z] [functions] Runtime ready! Sending request! {"metadata":{"emulator":{"name":"functions"},"message":"[functions] Runtime ready! Sending request!"}}
[debug] [2025-06-03T03:23:48.033Z] [functions] Got req.url=/amzaon-clone-4bb41/us-central1/api/payments/create?total=0, mapping to path=/payments/create?total=0 {"metadata":{"emulator":{"name":"functions"},"message":"[functions] Got req.url=/amzaon-clone-4bb41/us-central1/api/payments/create?total=0, mapping to path=/payments/create?total=0"}}
[info] i  functions: Loaded environment variables from .env. 
[debug] [2025-06-03T03:23:48.043Z] [worker-pool] addWorker(us-central1-api) {"metadata":{"emulator":{"name":"functions"},"message":"[worker-pool] addWorker(us-central1-api)"}}
[debug] [2025-06-03T03:23:48.049Z] [worker-pool] Adding worker with key us-central1-api, total=1 {"metadata":{"emulator":{"name":"functions"},"message":"[worker-pool] Adding worker with key us-central1-api, total=1"}}
[debug] [2025-06-03T03:23:48.118Z] [work-queue] {"queuedWork":["/amzaon-clone-4bb41/us-central1/api/payments/create-2025-06-03T03:23:48.118Z"],"queueLength":1,"runningWork":["/amzaon-clone-4bb41/us-central1/api/payments/create-2025-06-03T03:23:48.023Z"],"workRunningCount":1}
[debug] [2025-06-03T03:23:48.119Z] [work-queue] {"queuedWork":[],"queueLength":0,"runningWork":["/amzaon-clone-4bb41/us-central1/api/payments/create-2025-06-03T03:23:48.023Z","/amzaon-clone-4bb41/us-central1/api/payments/create-2025-06-03T03:23:48.118Z"],"workRunningCount":2}
[debug] [2025-06-03T03:23:48.120Z] Accepted request POST /amzaon-clone-4bb41/us-central1/api/payments/create?total=0 --> us-central1-api
[debug] [2025-06-03T03:23:48.182Z] [functions] Runtime ready! Sending request! {"metadata":{"emulator":{"name":"functions"},"message":"[functions] Runtime ready! Sending request!"}}
[debug] [2025-06-03T03:23:48.182Z] [functions] Got req.url=/amzaon-clone-4bb41/us-central1/api/payments/create?total=0, mapping to path=/payments/create?total=0 {"metadata":{"emulator":{"name":"functions"},"message":"[functions] Got req.url=/amzaon-clone-4bb41/us-central1/api/payments/create?total=0, mapping to path=/payments/create?total=0"}}
[info] i  functions: Loaded environment variables from .env. 
[debug] [2025-06-03T03:23:48.197Z] [worker-pool] addWorker(us-central1-api) {"metadata":{"emulator":{"name":"functions"},"message":"[worker-pool] addWorker(us-central1-api)"}}
[debug] [2025-06-03T03:23:48.198Z] [worker-pool] Adding worker with key us-central1-api, total=2 {"metadata":{"emulator":{"name":"functions"},"message":"[worker-pool] Adding worker with key us-central1-api, total=2"}}
[debug] [2025-06-03T03:23:49.309Z] [runtime-status] [6568] Resolved module firebase-admin {"declared":true,"installed":true,"version":"12.7.0","resolution":"/Users/shuwang/Documents/personal/insist_CS/portfolio/practice/010-full-stack-amazon-clone/amazon-clone/functions/node_modules/firebase-admin/lib/index.js"} {"metadata":{"emulator":{"name":"functions"},"function":{"name":"us-central1-api"},"extension":{},"message":"[runtime-status] [6568] Resolved module firebase-admin {\"declared\":true,\"installed\":true,\"version\":\"12.7.0\",\"resolution\":\"/Users/shuwang/Documents/personal/insist_CS/portfolio/practice/010-full-stack-amazon-clone/amazon-clone/functions/node_modules/firebase-admin/lib/index.js\"}"}}
[debug] [2025-06-03T03:23:49.310Z] [runtime-status] [6568] Resolved module firebase-functions {"declared":true,"installed":true,"version":"6.3.2","resolution":"/Users/shuwang/Documents/personal/insist_CS/portfolio/practice/010-full-stack-amazon-clone/amazon-clone/functions/node_modules/firebase-functions/lib/v2/index.js"} {"metadata":{"emulator":{"name":"functions"},"function":{"name":"us-central1-api"},"extension":{},"message":"[runtime-status] [6568] Resolved module firebase-functions {\"declared\":true,\"installed\":true,\"version\":\"6.3.2\",\"resolution\":\"/Users/shuwang/Documents/personal/insist_CS/portfolio/practice/010-full-stack-amazon-clone/amazon-clone/functions/node_modules/firebase-functions/lib/v2/index.js\"}"}}
[debug] [2025-06-03T03:23:49.310Z] [runtime-status] [6568] Outgoing network have been stubbed. [{"name":"http","status":"mocked"},{"name":"http","status":"mocked"},{"name":"https","status":"mocked"},{"name":"https","status":"mocked"},{"name":"net","status":"mocked"}] {"metadata":{"emulator":{"name":"functions"},"function":{"name":"us-central1-api"},"extension":{},"message":"[runtime-status] [6568] Outgoing network have been stubbed. [{\"name\":\"http\",\"status\":\"mocked\"},{\"name\":\"http\",\"status\":\"mocked\"},{\"name\":\"https\",\"status\":\"mocked\"},{\"name\":\"https\",\"status\":\"mocked\"},{\"name\":\"net\",\"status\":\"mocked\"}]"}}
[debug] [2025-06-03T03:23:49.314Z] [runtime-status] [6568] Resolved module firebase-functions {"declared":true,"installed":true,"version":"6.3.2","resolution":"/Users/shuwang/Documents/personal/insist_CS/portfolio/practice/010-full-stack-amazon-clone/amazon-clone/functions/node_modules/firebase-functions/lib/v2/index.js"} {"metadata":{"emulator":{"name":"functions"},"function":{"name":"us-central1-api"},"extension":{},"message":"[runtime-status] [6568] Resolved module firebase-functions {\"declared\":true,\"installed\":true,\"version\":\"6.3.2\",\"resolution\":\"/Users/shuwang/Documents/personal/insist_CS/portfolio/practice/010-full-stack-amazon-clone/amazon-clone/functions/node_modules/firebase-functions/lib/v2/index.js\"}"}}
[debug] [2025-06-03T03:23:49.315Z] [runtime-status] [6567] Resolved module firebase-admin {"declared":true,"installed":true,"version":"12.7.0","resolution":"/Users/shuwang/Documents/personal/insist_CS/portfolio/practice/010-full-stack-amazon-clone/amazon-clone/functions/node_modules/firebase-admin/lib/index.js"} {"metadata":{"emulator":{"name":"functions"},"function":{"name":"us-central1-api"},"extension":{},"message":"[runtime-status] [6567] Resolved module firebase-admin {\"declared\":true,\"installed\":true,\"version\":\"12.7.0\",\"resolution\":\"/Users/shuwang/Documents/personal/insist_CS/portfolio/practice/010-full-stack-amazon-clone/amazon-clone/functions/node_modules/firebase-admin/lib/index.js\"}"}}
[debug] [2025-06-03T03:23:49.325Z] [runtime-status] [6567] Resolved module firebase-functions {"declared":true,"installed":true,"version":"6.3.2","resolution":"/Users/shuwang/Documents/personal/insist_CS/portfolio/practice/010-full-stack-amazon-clone/amazon-clone/functions/node_modules/firebase-functions/lib/v2/index.js"} {"metadata":{"emulator":{"name":"functions"},"function":{"name":"us-central1-api"},"extension":{},"message":"[runtime-status] [6567] Resolved module firebase-functions {\"declared\":true,\"installed\":true,\"version\":\"6.3.2\",\"resolution\":\"/Users/shuwang/Documents/personal/insist_CS/portfolio/practice/010-full-stack-amazon-clone/amazon-clone/functions/node_modules/firebase-functions/lib/v2/index.js\"}"}}
[debug] [2025-06-03T03:23:49.329Z] [runtime-status] [6567] Outgoing network have been stubbed. [{"name":"http","status":"mocked"},{"name":"http","status":"mocked"},{"name":"https","status":"mocked"},{"name":"https","status":"mocked"},{"name":"net","status":"mocked"}] {"metadata":{"emulator":{"name":"functions"},"function":{"name":"us-central1-api"},"extension":{},"message":"[runtime-status] [6567] Outgoing network have been stubbed. [{\"name\":\"http\",\"status\":\"mocked\"},{\"name\":\"http\",\"status\":\"mocked\"},{\"name\":\"https\",\"status\":\"mocked\"},{\"name\":\"https\",\"status\":\"mocked\"},{\"name\":\"net\",\"status\":\"mocked\"}]"}}
[debug] [2025-06-03T03:23:49.332Z] [runtime-status] [6567] Resolved module firebase-functions {"declared":true,"installed":true,"version":"6.3.2","resolution":"/Users/shuwang/Documents/personal/insist_CS/portfolio/practice/010-full-stack-amazon-clone/amazon-clone/functions/node_modules/firebase-functions/lib/v2/index.js"} {"metadata":{"emulator":{"name":"functions"},"function":{"name":"us-central1-api"},"extension":{},"message":"[runtime-status] [6567] Resolved module firebase-functions {\"declared\":true,\"installed\":true,\"version\":\"6.3.2\",\"resolution\":\"/Users/shuwang/Documents/personal/insist_CS/portfolio/practice/010-full-stack-amazon-clone/amazon-clone/functions/node_modules/firebase-functions/lib/v2/index.js\"}"}}
[debug] [2025-06-03T03:23:49.574Z] [runtime-status] [6568] Checked functions.config() {"config":{}} {"metadata":{"emulator":{"name":"functions"},"function":{"name":"us-central1-api"},"extension":{},"message":"[runtime-status] [6568] Checked functions.config() {\"config\":{}}"}}
[debug] [2025-06-03T03:23:49.574Z] [runtime-status] [6567] Checked functions.config() {"config":{}} {"metadata":{"emulator":{"name":"functions"},"function":{"name":"us-central1-api"},"extension":{},"message":"[runtime-status] [6567] Checked functions.config() {\"config\":{}}"}}
[debug] [2025-06-03T03:23:49.575Z] [runtime-status] [6567] firebase-functions has been stubbed. {"functionsResolution":{"declared":true,"installed":true,"version":"6.3.2","resolution":"/Users/shuwang/Documents/personal/insist_CS/portfolio/practice/010-full-stack-amazon-clone/amazon-clone/functions/node_modules/firebase-functions/lib/v2/index.js"}} {"metadata":{"emulator":{"name":"functions"},"function":{"name":"us-central1-api"},"extension":{},"message":"[runtime-status] [6567] firebase-functions has been stubbed. {\"functionsResolution\":{\"declared\":true,\"installed\":true,\"version\":\"6.3.2\",\"resolution\":\"/Users/shuwang/Documents/personal/insist_CS/portfolio/practice/010-full-stack-amazon-clone/amazon-clone/functions/node_modules/firebase-functions/lib/v2/index.js\"}}"}}
[debug] [2025-06-03T03:23:49.575Z] [runtime-status] [6567] Resolved module firebase-functions {"declared":true,"installed":true,"version":"6.3.2","resolution":"/Users/shuwang/Documents/personal/insist_CS/portfolio/practice/010-full-stack-amazon-clone/amazon-clone/functions/node_modules/firebase-functions/lib/v2/index.js"} {"metadata":{"emulator":{"name":"functions"},"function":{"name":"us-central1-api"},"extension":{},"message":"[runtime-status] [6567] Resolved module firebase-functions {\"declared\":true,\"installed\":true,\"version\":\"6.3.2\",\"resolution\":\"/Users/shuwang/Documents/personal/insist_CS/portfolio/practice/010-full-stack-amazon-clone/amazon-clone/functions/node_modules/firebase-functions/lib/v2/index.js\"}"}}
[debug] [2025-06-03T03:23:49.575Z] [runtime-status] [6568] firebase-functions has been stubbed. {"functionsResolution":{"declared":true,"installed":true,"version":"6.3.2","resolution":"/Users/shuwang/Documents/personal/insist_CS/portfolio/practice/010-full-stack-amazon-clone/amazon-clone/functions/node_modules/firebase-functions/lib/v2/index.js"}} {"metadata":{"emulator":{"name":"functions"},"function":{"name":"us-central1-api"},"extension":{},"message":"[runtime-status] [6568] firebase-functions has been stubbed. {\"functionsResolution\":{\"declared\":true,\"installed\":true,\"version\":\"6.3.2\",\"resolution\":\"/Users/shuwang/Documents/personal/insist_CS/portfolio/practice/010-full-stack-amazon-clone/amazon-clone/functions/node_modules/firebase-functions/lib/v2/index.js\"}}"}}
[debug] [2025-06-03T03:23:49.575Z] [runtime-status] [6568] Resolved module firebase-functions {"declared":true,"installed":true,"version":"6.3.2","resolution":"/Users/shuwang/Documents/personal/insist_CS/portfolio/practice/010-full-stack-amazon-clone/amazon-clone/functions/node_modules/firebase-functions/lib/v2/index.js"} {"metadata":{"emulator":{"name":"functions"},"function":{"name":"us-central1-api"},"extension":{},"message":"[runtime-status] [6568] Resolved module firebase-functions {\"declared\":true,\"installed\":true,\"version\":\"6.3.2\",\"resolution\":\"/Users/shuwang/Documents/personal/insist_CS/portfolio/practice/010-full-stack-amazon-clone/amazon-clone/functions/node_modules/firebase-functions/lib/v2/index.js\"}"}}
[debug] [2025-06-03T03:23:49.576Z] [runtime-status] [6567] Resolved module firebase-admin {"declared":true,"installed":true,"version":"12.7.0","resolution":"/Users/shuwang/Documents/personal/insist_CS/portfolio/practice/010-full-stack-amazon-clone/amazon-clone/functions/node_modules/firebase-admin/lib/index.js"} {"metadata":{"emulator":{"name":"functions"},"function":{"name":"us-central1-api"},"extension":{},"message":"[runtime-status] [6567] Resolved module firebase-admin {\"declared\":true,\"installed\":true,\"version\":\"12.7.0\",\"resolution\":\"/Users/shuwang/Documents/personal/insist_CS/portfolio/practice/010-full-stack-amazon-clone/amazon-clone/functions/node_modules/firebase-admin/lib/index.js\"}"}}
[debug] [2025-06-03T03:23:49.576Z] [runtime-status] [6568] Resolved module firebase-admin {"declared":true,"installed":true,"version":"12.7.0","resolution":"/Users/shuwang/Documents/personal/insist_CS/portfolio/practice/010-full-stack-amazon-clone/amazon-clone/functions/node_modules/firebase-admin/lib/index.js"} {"metadata":{"emulator":{"name":"functions"},"function":{"name":"us-central1-api"},"extension":{},"message":"[runtime-status] [6568] Resolved module firebase-admin {\"declared\":true,\"installed\":true,\"version\":\"12.7.0\",\"resolution\":\"/Users/shuwang/Documents/personal/insist_CS/portfolio/practice/010-full-stack-amazon-clone/amazon-clone/functions/node_modules/firebase-admin/lib/index.js\"}"}}
[debug] [2025-06-03T03:23:49.578Z] [runtime-status] [6568] Resolved module firebase-functions {"declared":true,"installed":true,"version":"6.3.2","resolution":"/Users/shuwang/Documents/personal/insist_CS/portfolio/practice/010-full-stack-amazon-clone/amazon-clone/functions/node_modules/firebase-functions/lib/v2/index.js"} {"metadata":{"emulator":{"name":"functions"},"function":{"name":"us-central1-api"},"extension":{},"message":"[runtime-status] [6568] Resolved module firebase-functions {\"declared\":true,\"installed\":true,\"version\":\"6.3.2\",\"resolution\":\"/Users/shuwang/Documents/personal/insist_CS/portfolio/practice/010-full-stack-amazon-clone/amazon-clone/functions/node_modules/firebase-functions/lib/v2/index.js\"}"}}
[debug] [2025-06-03T03:23:49.578Z] [runtime-status] [6568] firebase-admin has been stubbed. {"adminResolution":{"declared":true,"installed":true,"version":"12.7.0","resolution":"/Users/shuwang/Documents/personal/insist_CS/portfolio/practice/010-full-stack-amazon-clone/amazon-clone/functions/node_modules/firebase-admin/lib/index.js"}} {"metadata":{"emulator":{"name":"functions"},"function":{"name":"us-central1-api"},"extension":{},"message":"[runtime-status] [6568] firebase-admin has been stubbed. {\"adminResolution\":{\"declared\":true,\"installed\":true,\"version\":\"12.7.0\",\"resolution\":\"/Users/shuwang/Documents/personal/insist_CS/portfolio/practice/010-full-stack-amazon-clone/amazon-clone/functions/node_modules/firebase-admin/lib/index.js\"}}"}}
[debug] [2025-06-03T03:23:49.578Z] [runtime-status] [6567] Resolved module firebase-functions {"declared":true,"installed":true,"version":"6.3.2","resolution":"/Users/shuwang/Documents/personal/insist_CS/portfolio/practice/010-full-stack-amazon-clone/amazon-clone/functions/node_modules/firebase-functions/lib/v2/index.js"} {"metadata":{"emulator":{"name":"functions"},"function":{"name":"us-central1-api"},"extension":{},"message":"[runtime-status] [6567] Resolved module firebase-functions {\"declared\":true,\"installed\":true,\"version\":\"6.3.2\",\"resolution\":\"/Users/shuwang/Documents/personal/insist_CS/portfolio/practice/010-full-stack-amazon-clone/amazon-clone/functions/node_modules/firebase-functions/lib/v2/index.js\"}"}}
[debug] [2025-06-03T03:23:49.578Z] [runtime-status] [6567] firebase-admin has been stubbed. {"adminResolution":{"declared":true,"installed":true,"version":"12.7.0","resolution":"/Users/shuwang/Documents/personal/insist_CS/portfolio/practice/010-full-stack-amazon-clone/amazon-clone/functions/node_modules/firebase-admin/lib/index.js"}} {"metadata":{"emulator":{"name":"functions"},"function":{"name":"us-central1-api"},"extension":{},"message":"[runtime-status] [6567] firebase-admin has been stubbed. {\"adminResolution\":{\"declared\":true,\"installed\":true,\"version\":\"12.7.0\",\"resolution\":\"/Users/shuwang/Documents/personal/insist_CS/portfolio/practice/010-full-stack-amazon-clone/amazon-clone/functions/node_modules/firebase-admin/lib/index.js\"}}"}}
[debug] [2025-06-03T03:23:49.771Z] [runtime-status] [6568] Functions runtime initialized. {"cwd":"/Users/shuwang/Documents/personal/insist_CS/portfolio/practice/010-full-stack-amazon-clone/amazon-clone/functions","node_version":"22.15.0"} {"metadata":{"emulator":{"name":"functions"},"function":{"name":"us-central1-api"},"extension":{},"message":"[runtime-status] [6568] Functions runtime initialized. {\"cwd\":\"/Users/shuwang/Documents/personal/insist_CS/portfolio/practice/010-full-stack-amazon-clone/amazon-clone/functions\",\"node_version\":\"22.15.0\"}"}}
[debug] [2025-06-03T03:23:49.772Z] [runtime-status] [6568] Listening to port: /var/folders/2_/hznb4nh92kgbbg6l4hz4nkm00000gn/T/fire_emu_03f49ffa4ba0b090.sock {"metadata":{"emulator":{"name":"functions"},"function":{"name":"us-central1-api"},"extension":{},"message":"[runtime-status] [6568] Listening to port: /var/folders/2_/hznb4nh92kgbbg6l4hz4nkm00000gn/T/fire_emu_03f49ffa4ba0b090.sock"}}
[debug] [2025-06-03T03:23:49.772Z] [runtime-status] [6567] Functions runtime initialized. {"cwd":"/Users/shuwang/Documents/personal/insist_CS/portfolio/practice/010-full-stack-amazon-clone/amazon-clone/functions","node_version":"22.15.0"} {"metadata":{"emulator":{"name":"functions"},"function":{"name":"us-central1-api"},"extension":{},"message":"[runtime-status] [6567] Functions runtime initialized. {\"cwd\":\"/Users/shuwang/Documents/personal/insist_CS/portfolio/practice/010-full-stack-amazon-clone/amazon-clone/functions\",\"node_version\":\"22.15.0\"}"}}
[debug] [2025-06-03T03:23:49.774Z] [runtime-status] [6567] Listening to port: /var/folders/2_/hznb4nh92kgbbg6l4hz4nkm00000gn/T/fire_emu_04573de9357bdd4f.sock {"metadata":{"emulator":{"name":"functions"},"function":{"name":"us-central1-api"},"extension":{},"message":"[runtime-status] [6567] Listening to port: /var/folders/2_/hznb4nh92kgbbg6l4hz4nkm00000gn/T/fire_emu_04573de9357bdd4f.sock"}}
[debug] [2025-06-03T03:23:49.851Z] [worker-us-central1-api-7201a9d3-3ede-41a6-9295-bbf954399bba]: IDLE {"metadata":{"emulator":{"name":"functions"},"function":{"name":"us-central1-api"},"extension":{},"message":"[worker-us-central1-api-7201a9d3-3ede-41a6-9295-bbf954399bba]: IDLE"}}
[debug] [2025-06-03T03:23:49.851Z] [worker-pool] submitRequest(triggerId=us-central1-api) {"metadata":{"emulator":{"name":"functions"},"message":"[worker-pool] submitRequest(triggerId=us-central1-api)"}}
[info] i  functions: Beginning execution of "us-central1-api" {"metadata":{"emulator":{"name":"functions"},"function":{"name":"us-central1-api"},"extension":{},"message":"Beginning execution of \"us-central1-api\""}}
[debug] [2025-06-03T03:23:49.852Z] [worker-us-central1-api-7201a9d3-3ede-41a6-9295-bbf954399bba]: BUSY {"metadata":{"emulator":{"name":"functions"},"function":{"name":"us-central1-api"},"extension":{},"message":"[worker-us-central1-api-7201a9d3-3ede-41a6-9295-bbf954399bba]: BUSY"}}
[debug] [2025-06-03T03:23:49.854Z] [worker-us-central1-api-54b5e906-446b-4257-977b-fcb1081a40d4]: IDLE {"metadata":{"emulator":{"name":"functions"},"function":{"name":"us-central1-api"},"extension":{},"message":"[worker-us-central1-api-54b5e906-446b-4257-977b-fcb1081a40d4]: IDLE"}}
[debug] [2025-06-03T03:23:49.854Z] [worker-pool] submitRequest(triggerId=us-central1-api) {"metadata":{"emulator":{"name":"functions"},"message":"[worker-pool] submitRequest(triggerId=us-central1-api)"}}
[info] i  functions: Beginning execution of "us-central1-api" {"metadata":{"emulator":{"name":"functions"},"function":{"name":"us-central1-api"},"extension":{},"message":"Beginning execution of \"us-central1-api\""}}
[debug] [2025-06-03T03:23:49.855Z] [worker-us-central1-api-54b5e906-446b-4257-977b-fcb1081a40d4]: BUSY {"metadata":{"emulator":{"name":"functions"},"function":{"name":"us-central1-api"},"extension":{},"message":"[worker-us-central1-api-54b5e906-446b-4257-977b-fcb1081a40d4]: BUSY"}}
[info] >  Payment Request Received YEES!!  for this amount >>> 0 {"user":"Payment Request Received YEES!!  for this amount >>> 0","metadata":{"emulator":{"name":"functions"},"function":{"name":"us-central1-api"},"extension":{},"message":"\u001b[90m> \u001b[39m Payment Request Received YEES!!  for this amount >>> 0"}}
[info] >  Payment Request Received YEES!!  for this amount >>> 0 {"user":"Payment Request Received YEES!!  for this amount >>> 0","metadata":{"emulator":{"name":"functions"},"function":{"name":"us-central1-api"},"extension":{},"message":"\u001b[90m> \u001b[39m Payment Request Received YEES!!  for this amount >>> 0"}}
[debug] [2025-06-03T03:23:50.187Z] Finishing up request with event=pause {"metadata":{"emulator":{"name":"functions"},"function":{"name":"us-central1-api"},"extension":{},"message":"Finishing up request with event=pause"}}
[info] i  functions: Finished "us-central1-api" in 335.645167ms {"metadata":{"emulator":{"name":"functions"},"function":{"name":"us-central1-api"},"extension":{},"message":"Finished \"us-central1-api\" in 335.645167ms"}}
[debug] [2025-06-03T03:23:50.189Z] [worker-us-central1-api-7201a9d3-3ede-41a6-9295-bbf954399bba]: IDLE {"metadata":{"emulator":{"name":"functions"},"function":{"name":"us-central1-api"},"extension":{},"message":"[worker-us-central1-api-7201a9d3-3ede-41a6-9295-bbf954399bba]: IDLE"}}
[debug] [2025-06-03T03:23:50.189Z] Finishing up request with event=finish {"metadata":{"emulator":{"name":"functions"},"function":{"name":"us-central1-api"},"extension":{},"message":"Finishing up request with event=finish"}}
[debug] [2025-06-03T03:23:50.189Z] Finishing up request with event=close {"metadata":{"emulator":{"name":"functions"},"function":{"name":"us-central1-api"},"extension":{},"message":"Finishing up request with event=close"}}
[debug] [2025-06-03T03:23:50.193Z] [work-queue] {"queuedWork":[],"queueLength":0,"runningWork":["/amzaon-clone-4bb41/us-central1/api/payments/create-2025-06-03T03:23:48.023Z"],"workRunningCount":1}
[info] >  Error: The amount must be greater than or equal to the minimum charge amount allowed for your account and the currency set (https://docs.stripe.com/currencies#minimum-and-maximum-charge-amounts).  If you want to save a Payment Method for future use without an immediate payment, use a Setup Intent instead: https://docs.stripe.com/payments/setup-intents {"user":"Error: The amount must be greater than or equal to the minimum charge amount allowed for your account and the currency set (https://docs.stripe.com/currencies#minimum-and-maximum-charge-amounts).  If you want to save a Payment Method for future use without an immediate payment, use a Setup Intent instead: https://docs.stripe.com/payments/setup-intents","metadata":{"emulator":{"name":"functions"},"function":{"name":"us-central1-api"},"extension":{},"message":"\u001b[90m> \u001b[39m Error: The amount must be greater than or equal to the minimum charge amount allowed for your account and the currency set (https://docs.stripe.com/currencies#minimum-and-maximum-charge-amounts).  If you want to save a Payment Method for future use without an immediate payment, use a Setup Intent instead: https://docs.stripe.com/payments/setup-intents"}}
[info] >      at generateV1Error (/Users/shuwang/Documents/personal/insist_CS/portfolio/practice/010-full-stack-amazon-clone/amazon-clone/functions/node_modules/stripe/cjs/Error.js:11:20) {"user":"    at generateV1Error (/Users/shuwang/Documents/personal/insist_CS/portfolio/practice/010-full-stack-amazon-clone/amazon-clone/functions/node_modules/stripe/cjs/Error.js:11:20)","metadata":{"emulator":{"name":"functions"},"function":{"name":"us-central1-api"},"extension":{},"message":"\u001b[90m> \u001b[39m     at generateV1Error (/Users/shuwang/Documents/personal/insist_CS/portfolio/practice/010-full-stack-amazon-clone/amazon-clone/functions/node_modules/stripe/cjs/Error.js:11:20)"}}
[info] >      at res.toJSON.then.Error_js_1.StripeAPIError.message (/Users/shuwang/Documents/personal/insist_CS/portfolio/practice/010-full-stack-amazon-clone/amazon-clone/functions/node_modules/stripe/cjs/RequestSender.js:108:62) {"user":"    at res.toJSON.then.Error_js_1.StripeAPIError.message (/Users/shuwang/Documents/personal/insist_CS/portfolio/practice/010-full-stack-amazon-clone/amazon-clone/functions/node_modules/stripe/cjs/RequestSender.js:108:62)","metadata":{"emulator":{"name":"functions"},"function":{"name":"us-central1-api"},"extension":{},"message":"\u001b[90m> \u001b[39m     at res.toJSON.then.Error_js_1.StripeAPIError.message (/Users/shuwang/Documents/personal/insist_CS/portfolio/practice/010-full-stack-amazon-clone/amazon-clone/functions/node_modules/stripe/cjs/RequestSender.js:108:62)"}}
[info] >      at process.processTicksAndRejections (node:internal/process/task_queues:105:5) {"user":"    at process.processTicksAndRejections (node:internal/process/task_queues:105:5)","metadata":{"emulator":{"name":"functions"},"function":{"name":"us-central1-api"},"extension":{},"message":"\u001b[90m> \u001b[39m     at process.processTicksAndRejections (node:internal/process/task_queues:105:5)"}}
[debug] [2025-06-03T03:23:50.247Z] Finishing up request with event=pause {"metadata":{"emulator":{"name":"functions"},"function":{"name":"us-central1-api"},"extension":{},"message":"Finishing up request with event=pause"}}
[info] i  functions: Finished "us-central1-api" in 393.490417ms {"metadata":{"emulator":{"name":"functions"},"function":{"name":"us-central1-api"},"extension":{},"message":"Finished \"us-central1-api\" in 393.490417ms"}}
[debug] [2025-06-03T03:23:50.249Z] [worker-us-central1-api-54b5e906-446b-4257-977b-fcb1081a40d4]: IDLE {"metadata":{"emulator":{"name":"functions"},"function":{"name":"us-central1-api"},"extension":{},"message":"[worker-us-central1-api-54b5e906-446b-4257-977b-fcb1081a40d4]: IDLE"}}
[debug] [2025-06-03T03:23:50.250Z] Finishing up request with event=finish {"metadata":{"emulator":{"name":"functions"},"function":{"name":"us-central1-api"},"extension":{},"message":"Finishing up request with event=finish"}}
[debug] [2025-06-03T03:23:50.251Z] Finishing up request with event=close {"metadata":{"emulator":{"name":"functions"},"function":{"name":"us-central1-api"},"extension":{},"message":"Finishing up request with event=close"}}
[debug] [2025-06-03T03:23:50.251Z] [work-queue] {"queuedWork":[],"queueLength":0,"runningWork":[],"workRunningCount":0}
[info] >  Error: The amount must be greater than or equal to the minimum charge amount allowed for your account and the currency set (https://docs.stripe.com/currencies#minimum-and-maximum-charge-amounts).  If you want to save a Payment Method for future use without an immediate payment, use a Setup Intent instead: https://docs.stripe.com/payments/setup-intents {"user":"Error: The amount must be greater than or equal to the minimum charge amount allowed for your account and the currency set (https://docs.stripe.com/currencies#minimum-and-maximum-charge-amounts).  If you want to save a Payment Method for future use without an immediate payment, use a Setup Intent instead: https://docs.stripe.com/payments/setup-intents","metadata":{"emulator":{"name":"functions"},"function":{"name":"us-central1-api"},"extension":{},"message":"\u001b[90m> \u001b[39m Error: The amount must be greater than or equal to the minimum charge amount allowed for your account and the currency set (https://docs.stripe.com/currencies#minimum-and-maximum-charge-amounts).  If you want to save a Payment Method for future use without an immediate payment, use a Setup Intent instead: https://docs.stripe.com/payments/setup-intents"}}
[info] >      at generateV1Error (/Users/shuwang/Documents/personal/insist_CS/portfolio/practice/010-full-stack-amazon-clone/amazon-clone/functions/node_modules/stripe/cjs/Error.js:11:20) {"user":"    at generateV1Error (/Users/shuwang/Documents/personal/insist_CS/portfolio/practice/010-full-stack-amazon-clone/amazon-clone/functions/node_modules/stripe/cjs/Error.js:11:20)","metadata":{"emulator":{"name":"functions"},"function":{"name":"us-central1-api"},"extension":{},"message":"\u001b[90m> \u001b[39m     at generateV1Error (/Users/shuwang/Documents/personal/insist_CS/portfolio/practice/010-full-stack-amazon-clone/amazon-clone/functions/node_modules/stripe/cjs/Error.js:11:20)"}}
[info] >      at res.toJSON.then.Error_js_1.StripeAPIError.message (/Users/shuwang/Documents/personal/insist_CS/portfolio/practice/010-full-stack-amazon-clone/amazon-clone/functions/node_modules/stripe/cjs/RequestSender.js:108:62) {"user":"    at res.toJSON.then.Error_js_1.StripeAPIError.message (/Users/shuwang/Documents/personal/insist_CS/portfolio/practice/010-full-stack-amazon-clone/amazon-clone/functions/node_modules/stripe/cjs/RequestSender.js:108:62)","metadata":{"emulator":{"name":"functions"},"function":{"name":"us-central1-api"},"extension":{},"message":"\u001b[90m> \u001b[39m     at res.toJSON.then.Error_js_1.StripeAPIError.message (/Users/shuwang/Documents/personal/insist_CS/portfolio/practice/010-full-stack-amazon-clone/amazon-clone/functions/node_modules/stripe/cjs/RequestSender.js:108:62)"}}
[info] >      at process.processTicksAndRejections (node:internal/process/task_queues:105:5) {"user":"    at process.processTicksAndRejections (node:internal/process/task_queues:105:5)","metadata":{"emulator":{"name":"functions"},"function":{"name":"us-central1-api"},"extension":{},"message":"\u001b[90m> \u001b[39m     at process.processTicksAndRejections (node:internal/process/task_queues:105:5)"}}
[debug] [2025-06-03T03:26:47.273Z] [work-queue] {"queuedWork":["/amzaon-clone-4bb41/us-central1/api/payments/create-2025-06-03T03:26:47.271Z"],"queueLength":1,"runningWork":[],"workRunningCount":0}
[debug] [2025-06-03T03:26:47.275Z] [work-queue] {"queuedWork":[],"queueLength":0,"runningWork":["/amzaon-clone-4bb41/us-central1/api/payments/create-2025-06-03T03:26:47.271Z"],"workRunningCount":1}
[debug] [2025-06-03T03:26:47.275Z] Accepted request POST /amzaon-clone-4bb41/us-central1/api/payments/create?total=8989 --> us-central1-api
[debug] [2025-06-03T03:26:47.297Z] [functions] Runtime ready! Sending request! {"metadata":{"emulator":{"name":"functions"},"message":"[functions] Runtime ready! Sending request!"}}
[debug] [2025-06-03T03:26:47.298Z] [functions] Got req.url=/amzaon-clone-4bb41/us-central1/api/payments/create?total=8989, mapping to path=/payments/create?total=8989 {"metadata":{"emulator":{"name":"functions"},"message":"[functions] Got req.url=/amzaon-clone-4bb41/us-central1/api/payments/create?total=8989, mapping to path=/payments/create?total=8989"}}
[debug] [2025-06-03T03:26:47.298Z] [worker-pool] submitRequest(triggerId=us-central1-api) {"metadata":{"emulator":{"name":"functions"},"message":"[worker-pool] submitRequest(triggerId=us-central1-api)"}}
[info] i  functions: Beginning execution of "us-central1-api" {"metadata":{"emulator":{"name":"functions"},"function":{"name":"us-central1-api"},"extension":{},"message":"Beginning execution of \"us-central1-api\""}}
[debug] [2025-06-03T03:26:47.301Z] [worker-us-central1-api-54b5e906-446b-4257-977b-fcb1081a40d4]: BUSY {"metadata":{"emulator":{"name":"functions"},"function":{"name":"us-central1-api"},"extension":{},"message":"[worker-us-central1-api-54b5e906-446b-4257-977b-fcb1081a40d4]: BUSY"}}
[debug] [2025-06-03T03:26:47.303Z] [work-queue] {"queuedWork":["/amzaon-clone-4bb41/us-central1/api/payments/create-2025-06-03T03:26:47.303Z"],"queueLength":1,"runningWork":["/amzaon-clone-4bb41/us-central1/api/payments/create-2025-06-03T03:26:47.271Z"],"workRunningCount":1}
[debug] [2025-06-03T03:26:47.304Z] [work-queue] {"queuedWork":[],"queueLength":0,"runningWork":["/amzaon-clone-4bb41/us-central1/api/payments/create-2025-06-03T03:26:47.271Z","/amzaon-clone-4bb41/us-central1/api/payments/create-2025-06-03T03:26:47.303Z"],"workRunningCount":2}
[debug] [2025-06-03T03:26:47.304Z] Accepted request POST /amzaon-clone-4bb41/us-central1/api/payments/create?total=8989 --> us-central1-api
[debug] [2025-06-03T03:26:47.309Z] [functions] Runtime ready! Sending request! {"metadata":{"emulator":{"name":"functions"},"message":"[functions] Runtime ready! Sending request!"}}
[debug] [2025-06-03T03:26:47.309Z] [functions] Got req.url=/amzaon-clone-4bb41/us-central1/api/payments/create?total=8989, mapping to path=/payments/create?total=8989 {"metadata":{"emulator":{"name":"functions"},"message":"[functions] Got req.url=/amzaon-clone-4bb41/us-central1/api/payments/create?total=8989, mapping to path=/payments/create?total=8989"}}
[debug] [2025-06-03T03:26:47.310Z] [worker-pool] submitRequest(triggerId=us-central1-api) {"metadata":{"emulator":{"name":"functions"},"message":"[worker-pool] submitRequest(triggerId=us-central1-api)"}}
[info] i  functions: Beginning execution of "us-central1-api" {"metadata":{"emulator":{"name":"functions"},"function":{"name":"us-central1-api"},"extension":{},"message":"Beginning execution of \"us-central1-api\""}}
[debug] [2025-06-03T03:26:47.311Z] [worker-us-central1-api-7201a9d3-3ede-41a6-9295-bbf954399bba]: BUSY {"metadata":{"emulator":{"name":"functions"},"function":{"name":"us-central1-api"},"extension":{},"message":"[worker-us-central1-api-7201a9d3-3ede-41a6-9295-bbf954399bba]: BUSY"}}
[info] >  Payment Request Received YEES!!  for this amount >>> 8989 {"user":"Payment Request Received YEES!!  for this amount >>> 8989","metadata":{"emulator":{"name":"functions"},"function":{"name":"us-central1-api"},"extension":{},"message":"\u001b[90m> \u001b[39m Payment Request Received YEES!!  for this amount >>> 8989"}}
[info] >  Payment Request Received YEES!!  for this amount >>> 8989 {"user":"Payment Request Received YEES!!  for this amount >>> 8989","metadata":{"emulator":{"name":"functions"},"function":{"name":"us-central1-api"},"extension":{},"message":"\u001b[90m> \u001b[39m Payment Request Received YEES!!  for this amount >>> 8989"}}
[debug] [2025-06-03T03:26:47.732Z] Finishing up request with event=pause {"metadata":{"emulator":{"name":"functions"},"function":{"name":"us-central1-api"},"extension":{},"message":"Finishing up request with event=pause"}}
[info] i  functions: Finished "us-central1-api" in 431.585084ms {"metadata":{"emulator":{"name":"functions"},"function":{"name":"us-central1-api"},"extension":{},"message":"Finished \"us-central1-api\" in 431.585084ms"}}
[debug] [2025-06-03T03:26:47.734Z] [worker-us-central1-api-54b5e906-446b-4257-977b-fcb1081a40d4]: IDLE {"metadata":{"emulator":{"name":"functions"},"function":{"name":"us-central1-api"},"extension":{},"message":"[worker-us-central1-api-54b5e906-446b-4257-977b-fcb1081a40d4]: IDLE"}}
[debug] [2025-06-03T03:26:47.734Z] Finishing up request with event=finish {"metadata":{"emulator":{"name":"functions"},"function":{"name":"us-central1-api"},"extension":{},"message":"Finishing up request with event=finish"}}
[debug] [2025-06-03T03:26:47.734Z] Finishing up request with event=close {"metadata":{"emulator":{"name":"functions"},"function":{"name":"us-central1-api"},"extension":{},"message":"Finishing up request with event=close"}}
[debug] [2025-06-03T03:26:47.734Z] [work-queue] {"queuedWork":[],"queueLength":0,"runningWork":["/amzaon-clone-4bb41/us-central1/api/payments/create-2025-06-03T03:26:47.303Z"],"workRunningCount":1}
[debug] [2025-06-03T03:26:47.737Z] Finishing up request with event=pause {"metadata":{"emulator":{"name":"functions"},"function":{"name":"us-central1-api"},"extension":{},"message":"Finishing up request with event=pause"}}
[info] i  functions: Finished "us-central1-api" in 425.634958ms {"metadata":{"emulator":{"name":"functions"},"function":{"name":"us-central1-api"},"extension":{},"message":"Finished \"us-central1-api\" in 425.634958ms"}}
[debug] [2025-06-03T03:26:47.737Z] [worker-us-central1-api-7201a9d3-3ede-41a6-9295-bbf954399bba]: IDLE {"metadata":{"emulator":{"name":"functions"},"function":{"name":"us-central1-api"},"extension":{},"message":"[worker-us-central1-api-7201a9d3-3ede-41a6-9295-bbf954399bba]: IDLE"}}
[debug] [2025-06-03T03:26:47.737Z] Finishing up request with event=finish {"metadata":{"emulator":{"name":"functions"},"function":{"name":"us-central1-api"},"extension":{},"message":"Finishing up request with event=finish"}}
[debug] [2025-06-03T03:26:47.741Z] Finishing up request with event=close {"metadata":{"emulator":{"name":"functions"},"function":{"name":"us-central1-api"},"extension":{},"message":"Finishing up request with event=close"}}
[debug] [2025-06-03T03:26:47.741Z] [work-queue] {"queuedWork":[],"queueLength":0,"runningWork":[],"workRunningCount":0}
[debug] [2025-06-03T03:34:44.358Z] [work-queue] {"queuedWork":["/amzaon-clone-4bb41/us-central1/api/payments/create-2025-06-03T03:34:44.355Z"],"queueLength":1,"runningWork":[],"workRunningCount":0}
[debug] [2025-06-03T03:34:44.362Z] [work-queue] {"queuedWork":[],"queueLength":0,"runningWork":["/amzaon-clone-4bb41/us-central1/api/payments/create-2025-06-03T03:34:44.355Z"],"workRunningCount":1}
[debug] [2025-06-03T03:34:44.362Z] Accepted request POST /amzaon-clone-4bb41/us-central1/api/payments/create?total=8989 --> us-central1-api
[debug] [2025-06-03T03:34:44.382Z] [functions] Runtime ready! Sending request! {"metadata":{"emulator":{"name":"functions"},"message":"[functions] Runtime ready! Sending request!"}}
[debug] [2025-06-03T03:34:44.383Z] [functions] Got req.url=/amzaon-clone-4bb41/us-central1/api/payments/create?total=8989, mapping to path=/payments/create?total=8989 {"metadata":{"emulator":{"name":"functions"},"message":"[functions] Got req.url=/amzaon-clone-4bb41/us-central1/api/payments/create?total=8989, mapping to path=/payments/create?total=8989"}}
[debug] [2025-06-03T03:34:44.383Z] [worker-pool] submitRequest(triggerId=us-central1-api) {"metadata":{"emulator":{"name":"functions"},"message":"[worker-pool] submitRequest(triggerId=us-central1-api)"}}
[info] i  functions: Beginning execution of "us-central1-api" {"metadata":{"emulator":{"name":"functions"},"function":{"name":"us-central1-api"},"extension":{},"message":"Beginning execution of \"us-central1-api\""}}
[debug] [2025-06-03T03:34:44.384Z] [worker-us-central1-api-54b5e906-446b-4257-977b-fcb1081a40d4]: BUSY {"metadata":{"emulator":{"name":"functions"},"function":{"name":"us-central1-api"},"extension":{},"message":"[worker-us-central1-api-54b5e906-446b-4257-977b-fcb1081a40d4]: BUSY"}}
[debug] [2025-06-03T03:34:44.386Z] [work-queue] {"queuedWork":["/amzaon-clone-4bb41/us-central1/api/payments/create-2025-06-03T03:34:44.386Z"],"queueLength":1,"runningWork":["/amzaon-clone-4bb41/us-central1/api/payments/create-2025-06-03T03:34:44.355Z"],"workRunningCount":1}
[debug] [2025-06-03T03:34:44.386Z] [work-queue] {"queuedWork":[],"queueLength":0,"runningWork":["/amzaon-clone-4bb41/us-central1/api/payments/create-2025-06-03T03:34:44.355Z","/amzaon-clone-4bb41/us-central1/api/payments/create-2025-06-03T03:34:44.386Z"],"workRunningCount":2}
[debug] [2025-06-03T03:34:44.386Z] Accepted request POST /amzaon-clone-4bb41/us-central1/api/payments/create?total=8989 --> us-central1-api
[debug] [2025-06-03T03:34:44.387Z] [functions] Runtime ready! Sending request! {"metadata":{"emulator":{"name":"functions"},"message":"[functions] Runtime ready! Sending request!"}}
[debug] [2025-06-03T03:34:44.387Z] [functions] Got req.url=/amzaon-clone-4bb41/us-central1/api/payments/create?total=8989, mapping to path=/payments/create?total=8989 {"metadata":{"emulator":{"name":"functions"},"message":"[functions] Got req.url=/amzaon-clone-4bb41/us-central1/api/payments/create?total=8989, mapping to path=/payments/create?total=8989"}}
[debug] [2025-06-03T03:34:44.387Z] [worker-pool] submitRequest(triggerId=us-central1-api) {"metadata":{"emulator":{"name":"functions"},"message":"[worker-pool] submitRequest(triggerId=us-central1-api)"}}
[info] i  functions: Beginning execution of "us-central1-api" {"metadata":{"emulator":{"name":"functions"},"function":{"name":"us-central1-api"},"extension":{},"message":"Beginning execution of \"us-central1-api\""}}
[debug] [2025-06-03T03:34:44.388Z] [worker-us-central1-api-7201a9d3-3ede-41a6-9295-bbf954399bba]: BUSY {"metadata":{"emulator":{"name":"functions"},"function":{"name":"us-central1-api"},"extension":{},"message":"[worker-us-central1-api-7201a9d3-3ede-41a6-9295-bbf954399bba]: BUSY"}}
[info] >  Payment Request Received YEES!!  for this amount >>> 8989 {"user":"Payment Request Received YEES!!  for this amount >>> 8989","metadata":{"emulator":{"name":"functions"},"function":{"name":"us-central1-api"},"extension":{},"message":"\u001b[90m> \u001b[39m Payment Request Received YEES!!  for this amount >>> 8989"}}
[info] >  Payment Request Received YEES!!  for this amount >>> 8989 {"user":"Payment Request Received YEES!!  for this amount >>> 8989","metadata":{"emulator":{"name":"functions"},"function":{"name":"us-central1-api"},"extension":{},"message":"\u001b[90m> \u001b[39m Payment Request Received YEES!!  for this amount >>> 8989"}}
[debug] [2025-06-03T03:34:44.827Z] Finishing up request with event=pause {"metadata":{"emulator":{"name":"functions"},"function":{"name":"us-central1-api"},"extension":{},"message":"Finishing up request with event=pause"}}
[info] i  functions: Finished "us-central1-api" in 443.333042ms {"metadata":{"emulator":{"name":"functions"},"function":{"name":"us-central1-api"},"extension":{},"message":"Finished \"us-central1-api\" in 443.333042ms"}}
[debug] [2025-06-03T03:34:44.829Z] [worker-us-central1-api-54b5e906-446b-4257-977b-fcb1081a40d4]: IDLE {"metadata":{"emulator":{"name":"functions"},"function":{"name":"us-central1-api"},"extension":{},"message":"[worker-us-central1-api-54b5e906-446b-4257-977b-fcb1081a40d4]: IDLE"}}
[debug] [2025-06-03T03:34:44.829Z] Finishing up request with event=finish {"metadata":{"emulator":{"name":"functions"},"function":{"name":"us-central1-api"},"extension":{},"message":"Finishing up request with event=finish"}}
[debug] [2025-06-03T03:34:44.829Z] Finishing up request with event=close {"metadata":{"emulator":{"name":"functions"},"function":{"name":"us-central1-api"},"extension":{},"message":"Finishing up request with event=close"}}
[debug] [2025-06-03T03:34:44.830Z] [work-queue] {"queuedWork":[],"queueLength":0,"runningWork":["/amzaon-clone-4bb41/us-central1/api/payments/create-2025-06-03T03:34:44.386Z"],"workRunningCount":1}
[debug] [2025-06-03T03:34:44.839Z] Finishing up request with event=pause {"metadata":{"emulator":{"name":"functions"},"function":{"name":"us-central1-api"},"extension":{},"message":"Finishing up request with event=pause"}}
[info] i  functions: Finished "us-central1-api" in 451.4155ms {"metadata":{"emulator":{"name":"functions"},"function":{"name":"us-central1-api"},"extension":{},"message":"Finished \"us-central1-api\" in 451.4155ms"}}
[debug] [2025-06-03T03:34:44.840Z] [worker-us-central1-api-7201a9d3-3ede-41a6-9295-bbf954399bba]: IDLE {"metadata":{"emulator":{"name":"functions"},"function":{"name":"us-central1-api"},"extension":{},"message":"[worker-us-central1-api-7201a9d3-3ede-41a6-9295-bbf954399bba]: IDLE"}}
[debug] [2025-06-03T03:34:44.840Z] Finishing up request with event=finish {"metadata":{"emulator":{"name":"functions"},"function":{"name":"us-central1-api"},"extension":{},"message":"Finishing up request with event=finish"}}
[debug] [2025-06-03T03:34:44.840Z] Finishing up request with event=close {"metadata":{"emulator":{"name":"functions"},"function":{"name":"us-central1-api"},"extension":{},"message":"Finishing up request with event=close"}}
[debug] [2025-06-03T03:34:44.840Z] [work-queue] {"queuedWork":[],"queueLength":0,"runningWork":[],"workRunningCount":0}
