[debug] [2025-06-05T04:09:20.119Z] ----------------------------------------------------------------------
[debug] [2025-06-05T04:09:20.124Z] Command:       /Users/shuwang/.nvm/versions/node/v22.15.0/bin/node /Users/shuwang/.nvm/versions/node/v22.15.0/bin/firebase emulators:start
[debug] [2025-06-05T04:09:20.124Z] CLI Version:   14.3.1
[debug] [2025-06-05T04:09:20.124Z] Platform:      darwin
[debug] [2025-06-05T04:09:20.124Z] Node Version:  v22.15.0
[debug] [2025-06-05T04:09:20.124Z] Time:          Thu Jun 05 2025 00:09:20 GMT-0400 (Eastern Daylight Time)
[debug] [2025-06-05T04:09:20.125Z] ----------------------------------------------------------------------
[debug] 
[debug] [2025-06-05T04:09:20.259Z] > command requires scopes: ["email","openid","https://www.googleapis.com/auth/cloudplatformprojects.readonly","https://www.googleapis.com/auth/firebase","https://www.googleapis.com/auth/cloud-platform"]
[debug] [2025-06-05T04:09:20.259Z] > authorizing via signed-in user (shuw425@gmail.com)
[info] i  emulators: Starting emulators: functions, hosting, extensions {"metadata":{"emulator":{"name":"hub"},"message":"Starting emulators: functions, hosting, extensions"}}
[debug] [2025-06-05T04:09:20.261Z] Checked if tokens are valid: false, expires at: 1749094823371
[debug] [2025-06-05T04:09:20.261Z] Checked if tokens are valid: false, expires at: 1749094823371
[debug] [2025-06-05T04:09:20.261Z] > refreshing access token with scopes: []
[debug] [2025-06-05T04:09:20.262Z] >>> [apiv2][query] POST https://www.googleapis.com/oauth2/v3/token [none]
[debug] [2025-06-05T04:09:20.262Z] >>> [apiv2][body] POST https://www.googleapis.com/oauth2/v3/token [omitted]
[debug] [2025-06-05T04:09:20.437Z] <<< [apiv2][status] POST https://www.googleapis.com/oauth2/v3/token 200
[debug] [2025-06-05T04:09:20.437Z] <<< [apiv2][body] POST https://www.googleapis.com/oauth2/v3/token [omitted]
[debug] [2025-06-05T04:09:20.452Z] >>> [apiv2][query] GET https://serviceusage.googleapis.com/v1/projects/amzaon-clone-4bb41/services/cloudresourcemanager.googleapis.com [none]
[debug] [2025-06-05T04:09:20.453Z] >>> [apiv2][(partial)header] GET https://serviceusage.googleapis.com/v1/projects/amzaon-clone-4bb41/services/cloudresourcemanager.googleapis.com x-goog-quota-user=projects/amzaon-clone-4bb41
[debug] [2025-06-05T04:09:20.867Z] <<< [apiv2][status] GET https://serviceusage.googleapis.com/v1/projects/amzaon-clone-4bb41/services/cloudresourcemanager.googleapis.com 200
[debug] [2025-06-05T04:09:20.867Z] <<< [apiv2][body] GET https://serviceusage.googleapis.com/v1/projects/amzaon-clone-4bb41/services/cloudresourcemanager.googleapis.com [omitted]
[debug] [2025-06-05T04:09:20.868Z] Checked if tokens are valid: true, expires at: 1749100159437
[debug] [2025-06-05T04:09:20.868Z] Checked if tokens are valid: true, expires at: 1749100159437
[debug] [2025-06-05T04:09:20.868Z] >>> [apiv2][query] GET https://cloudresourcemanager.googleapis.com/v1/projects/amzaon-clone-4bb41 [none]
[debug] [2025-06-05T04:09:21.162Z] <<< [apiv2][status] GET https://cloudresourcemanager.googleapis.com/v1/projects/amzaon-clone-4bb41 200
[debug] [2025-06-05T04:09:21.163Z] <<< [apiv2][body] GET https://cloudresourcemanager.googleapis.com/v1/projects/amzaon-clone-4bb41 {"projectNumber":"250745692601","projectId":"amzaon-clone-4bb41","lifecycleState":"ACTIVE","name":"amzaon-clone","labels":{"firebase":"enabled","firebase-core":"disabled"},"createTime":"2025-05-11T20:05:26.825256Z"}
[debug] [2025-06-05T04:09:21.520Z] [logging] Logging Emulator only supports listening on one address (127.0.0.1). Not listening on ::1
[warn] ⚠  hosting: Hosting Emulator unable to start on port 5000, starting on 5002 instead. {"metadata":{"emulator":{"name":"hosting"},"message":"Hosting Emulator unable to start on port 5000, starting on 5002 instead."}}
[debug] [2025-06-05T04:09:21.521Z] [hosting] Hosting Emulator only supports listening on one address (127.0.0.1). Not listening on ::1
[debug] [2025-06-05T04:09:21.521Z] assigned listening specs for emulators {"user":{"hub":[{"address":"127.0.0.1","family":"IPv4","port":4400},{"address":"::1","family":"IPv6","port":4400}],"ui":[{"address":"127.0.0.1","family":"IPv4","port":4000},{"address":"::1","family":"IPv6","port":4000}],"logging":[{"address":"127.0.0.1","family":"IPv4","port":4500}],"hosting":[{"address":"127.0.0.1","family":"IPv4","port":5002}]},"metadata":{"message":"assigned listening specs for emulators"}}
[debug] [2025-06-05T04:09:21.525Z] [hub] writing locator at /var/folders/2_/hznb4nh92kgbbg6l4hz4nkm00000gn/T/hub-amzaon-clone-4bb41.json
[debug] [2025-06-05T04:09:21.527Z] [Extensions] Started Extensions emulator, this is a noop.
[debug] [2025-06-05T04:09:21.717Z] [functions] Functions Emulator only supports listening on one address (127.0.0.1). Not listening on ::1
[debug] [2025-06-05T04:09:21.717Z] [eventarc] Eventarc Emulator only supports listening on one address (127.0.0.1). Not listening on ::1
[debug] [2025-06-05T04:09:21.717Z] [tasks] Cloud Tasks Emulator only supports listening on one address (127.0.0.1). Not listening on ::1
[debug] [2025-06-05T04:09:21.717Z] late-assigned ports for functions and eventarc emulators {"user":{"hub":[{"address":"127.0.0.1","family":"IPv4","port":4400},{"address":"::1","family":"IPv6","port":4400}],"ui":[{"address":"127.0.0.1","family":"IPv4","port":4000},{"address":"::1","family":"IPv6","port":4000}],"logging":[{"address":"127.0.0.1","family":"IPv4","port":4500}],"hosting":[{"address":"127.0.0.1","family":"IPv4","port":5002}],"functions":[{"address":"127.0.0.1","family":"IPv4","port":5001}],"eventarc":[{"address":"127.0.0.1","family":"IPv4","port":9299}],"tasks":[{"address":"127.0.0.1","family":"IPv4","port":9499}]},"metadata":{"message":"late-assigned ports for functions and eventarc emulators"}}
[warn] ⚠  functions: The following emulators are not running, calls to these services from the Functions emulator will affect production: apphosting, auth, firestore, database, pubsub, storage, dataconnect {"metadata":{"emulator":{"name":"functions"},"message":"The following emulators are not running, calls to these services from the Functions emulator will affect production: \u001b[1mapphosting, auth, firestore, database, pubsub, storage, dataconnect\u001b[22m"}}
[debug] [2025-06-05T04:09:21.724Z] defaultcredentials: writing to file /Users/shuwang/.config/firebase/shuw425_gmail_com_application_default_credentials.json
[debug] [2025-06-05T04:09:21.725Z] Setting GAC to /Users/shuwang/.config/firebase/shuw425_gmail_com_application_default_credentials.json {"metadata":{"emulator":{"name":"functions"},"message":"Setting GAC to /Users/shuwang/.config/firebase/shuw425_gmail_com_application_default_credentials.json"}}
[debug] [2025-06-05T04:09:21.725Z] Checked if tokens are valid: true, expires at: 1749100159437
[debug] [2025-06-05T04:09:21.725Z] Checked if tokens are valid: true, expires at: 1749100159437
[debug] [2025-06-05T04:09:21.725Z] >>> [apiv2][query] GET https://firebase.googleapis.com/v1beta1/projects/amzaon-clone-4bb41/adminSdkConfig [none]
[debug] [2025-06-05T04:09:22.175Z] <<< [apiv2][status] GET https://firebase.googleapis.com/v1beta1/projects/amzaon-clone-4bb41/adminSdkConfig 200
[debug] [2025-06-05T04:09:22.175Z] <<< [apiv2][body] GET https://firebase.googleapis.com/v1beta1/projects/amzaon-clone-4bb41/adminSdkConfig {"projectId":"amzaon-clone-4bb41","storageBucket":"amzaon-clone-4bb41.firebasestorage.app"}
[debug] [2025-06-05T04:09:22.203Z] Checked if tokens are valid: true, expires at: 1749100159437
[debug] [2025-06-05T04:09:22.203Z] Checked if tokens are valid: true, expires at: 1749100159437
[debug] [2025-06-05T04:09:22.203Z] >>> [apiv2][query] GET https://firebasehosting.googleapis.com/v1beta1/projects/amzaon-clone-4bb41/sites 
[debug] [2025-06-05T04:09:22.661Z] <<< [apiv2][status] GET https://firebasehosting.googleapis.com/v1beta1/projects/amzaon-clone-4bb41/sites 200
[debug] [2025-06-05T04:09:22.661Z] <<< [apiv2][body] GET https://firebasehosting.googleapis.com/v1beta1/projects/amzaon-clone-4bb41/sites {"sites":[{"name":"projects/amzaon-clone-4bb41/sites/amzaon-clone-4bb41","defaultUrl":"https://amzaon-clone-4bb41.web.app","appId":"1:250745692601:web:d5afb263e7fa1c48891668","type":"DEFAULT_SITE"}]}
[debug] [2025-06-05T04:09:22.661Z] Checked if tokens are valid: true, expires at: 1749100159437
[debug] [2025-06-05T04:09:22.661Z] Checked if tokens are valid: true, expires at: 1749100159437
[debug] [2025-06-05T04:09:22.661Z] >>> [apiv2][query] GET https://firebase.googleapis.com/v1beta1/projects/amzaon-clone-4bb41/webApps/1:250745692601:web:d5afb263e7fa1c48891668/config [none]
[debug] [2025-06-05T04:09:23.182Z] <<< [apiv2][status] GET https://firebase.googleapis.com/v1beta1/projects/amzaon-clone-4bb41/webApps/1:250745692601:web:d5afb263e7fa1c48891668/config 200
[debug] [2025-06-05T04:09:23.182Z] <<< [apiv2][body] GET https://firebase.googleapis.com/v1beta1/projects/amzaon-clone-4bb41/webApps/1:250745692601:web:d5afb263e7fa1c48891668/config {"projectId":"amzaon-clone-4bb41","appId":"1:250745692601:web:d5afb263e7fa1c48891668","storageBucket":"amzaon-clone-4bb41.firebasestorage.app","apiKey":"AIzaSyAYFCDZweaGVvWHLhkBU9sSUaF1gzaUJoU","authDomain":"amzaon-clone-4bb41.firebaseapp.com","messagingSenderId":"250745692601","measurementId":"G-ZXFZS9PWCJ"}
[debug] [2025-06-05T04:09:23.193Z] Checked if tokens are valid: true, expires at: 1749100159437
[debug] [2025-06-05T04:09:23.194Z] Checked if tokens are valid: true, expires at: 1749100159437
[debug] [2025-06-05T04:09:23.194Z] >>> [apiv2][query] GET https://firebase.googleapis.com/v1beta1/projects/amzaon-clone-4bb41 [none]
[debug] [2025-06-05T04:09:23.514Z] <<< [apiv2][status] GET https://firebase.googleapis.com/v1beta1/projects/amzaon-clone-4bb41 200
[debug] [2025-06-05T04:09:23.514Z] <<< [apiv2][body] GET https://firebase.googleapis.com/v1beta1/projects/amzaon-clone-4bb41 {"projectId":"amzaon-clone-4bb41","projectNumber":"250745692601","displayName":"amzaon-clone","name":"projects/amzaon-clone-4bb41","resources":{"hostingSite":"amzaon-clone-4bb41"},"state":"ACTIVE","etag":"1_91cc4c7c-4cdf-48ca-8dca-c46ef29d1594"}
[info] i  hosting[amzaon-clone-4bb41]: Serving hosting files from: build {"metadata":{"emulator":{"name":"hosting"},"message":"Serving hosting files from: \u001b[1mbuild\u001b[22m"}}
[info] ✔  hosting[amzaon-clone-4bb41]: Local server: http://127.0.0.1:5002 {"metadata":{"emulator":{"name":"hosting"},"message":"Local server: \u001b[4m\u001b[1mhttp://127.0.0.1:5002\u001b[22m\u001b[24m"}}
[debug] [2025-06-05T04:09:23.563Z] [Extensions] Connecting Extensions emulator, this is a noop.
[info] i  functions: Watching "/Users/shuwang/Documents/personal/insist_CS/portfolio/practice/010-full-stack-amazon-clone/amazon-clone/functions" for Cloud Functions... {"metadata":{"emulator":{"name":"functions"},"message":"Watching \"/Users/shuwang/Documents/personal/insist_CS/portfolio/practice/010-full-stack-amazon-clone/amazon-clone/functions\" for Cloud Functions..."}}
[debug] [2025-06-05T04:09:23.569Z] Validating nodejs source
[debug] [2025-06-05T04:09:24.344Z] > [functions] package.json contents: {
  "name": "functions",
  "description": "Cloud Functions for Firebase",
  "scripts": {
    "lint": "eslint .",
    "serve": "firebase emulators:start --only functions",
    "shell": "firebase functions:shell",
    "start": "npm run shell",
    "deploy": "firebase deploy --only functions",
    "logs": "firebase functions:log"
  },
  "engines": {
    "node": "22"
  },
  "main": "index.js",
  "dependencies": {
    "cors": "^2.8.5",
    "dotenv": "^16.5.0",
    "express": "^5.1.0",
    "firebase-admin": "^12.6.0",
    "firebase-functions": "^6.0.1",
    "stripe": "^18.2.0"
  },
  "devDependencies": {
    "eslint": "^8.15.0",
    "eslint-config-google": "^0.14.0",
    "firebase-functions-test": "^3.1.0"
  },
  "private": true
}
[debug] [2025-06-05T04:09:24.344Z] Building nodejs source
[debug] [2025-06-05T04:09:24.345Z] Failed to find version of module node: reached end of search path /Users/shuwang/Documents/personal/insist_CS/portfolio/practice/010-full-stack-amazon-clone/amazon-clone/functions/node_modules
[info] ✔  functions: Using node@22 from host. 
[info] i  functions: Loaded environment variables from .env. 
[debug] [2025-06-05T04:09:24.348Z] Could not find functions.yaml. Must use http discovery
[debug] [2025-06-05T04:09:24.357Z] Found firebase-functions binary at '/Users/shuwang/Documents/personal/insist_CS/portfolio/practice/010-full-stack-amazon-clone/amazon-clone/functions/node_modules/.bin/firebase-functions'
[info] Serving at port 8430

[debug] [2025-06-05T04:09:24.789Z] Got response from /__/functions.yaml {"endpoints":{"api":{"availableMemoryMb":null,"timeoutSeconds":null,"minInstances":null,"maxInstances":null,"ingressSettings":null,"concurrency":null,"serviceAccountEmail":null,"vpc":null,"platform":"gcfv2","labels":{},"httpsTrigger":{},"entryPoint":"api"}},"specVersion":"v1alpha1","requiredAPIs":[],"extensions":{}}
[debug] [2025-06-05T04:09:28.816Z] defaultcredentials: writing to file /Users/shuwang/.config/firebase/shuw425_gmail_com_application_default_credentials.json
[debug] [2025-06-05T04:09:28.817Z] Setting GAC to /Users/shuwang/.config/firebase/shuw425_gmail_com_application_default_credentials.json {"metadata":{"emulator":{"name":"functions"},"message":"Setting GAC to /Users/shuwang/.config/firebase/shuw425_gmail_com_application_default_credentials.json"}}
[info] ✔  functions: Loaded functions definitions from source: api. {"metadata":{"emulator":{"name":"functions"},"message":"Loaded functions definitions from source: api."}}
[info] ✔  functions[us-central1-api]: http function initialized (http://127.0.0.1:5001/amzaon-clone-4bb41/us-central1/api). {"metadata":{"emulator":{"name":"functions"},"message":"\u001b[1mhttp\u001b[22m function initialized (http://127.0.0.1:5001/amzaon-clone-4bb41/us-central1/api)."}}
[debug] [2025-06-05T04:09:28.825Z] Could not find VSCode notification endpoint: FetchError: request to http://localhost:40001/vscode/notify failed, reason: . If you are not running the Firebase Data Connect VSCode extension, this is expected and not an issue.
[info] 
┌─────────────────────────────────────────────────────────────┐
│ ✔  All emulators ready! It is now safe to connect your app. │
│ i  View Emulator UI at http://127.0.0.1:4000/               │
└─────────────────────────────────────────────────────────────┘

┌────────────┬────────────────┬──────────────────────────────────┐
│ Emulator   │ Host:Port      │ View in Emulator UI              │
├────────────┼────────────────┼──────────────────────────────────┤
│ Functions  │ 127.0.0.1:5001 │ http://127.0.0.1:4000/functions  │
├────────────┼────────────────┼──────────────────────────────────┤
│ Hosting    │ 127.0.0.1:5002 │ n/a                              │
├────────────┼────────────────┼──────────────────────────────────┤
│ Extensions │ 127.0.0.1:5001 │ http://127.0.0.1:4000/extensions │
└────────────┴────────────────┴──────────────────────────────────┘
  Emulator Hub host: 127.0.0.1 port: 4400
  Other reserved ports: 4500
┌─────────────────────────┬───────────────┬─────────────────────┐
│ Extension Instance Name │ Extension Ref │ View in Emulator UI │
└─────────────────────────┴───────────────┴─────────────────────┘
Issues? Report them at https://github.com/firebase/firebase-tools/issues and attach the *-debug.log files.
 
[debug] [2025-06-05T04:09:43.627Z] [work-queue] {"queuedWork":["/amzaon-clone-4bb41/us-central1/api/payments/create-2025-06-05T04:09:43.627Z"],"queueLength":1,"runningWork":[],"workRunningCount":0}
[debug] [2025-06-05T04:09:43.629Z] [work-queue] {"queuedWork":[],"queueLength":0,"runningWork":["/amzaon-clone-4bb41/us-central1/api/payments/create-2025-06-05T04:09:43.627Z"],"workRunningCount":1}
[debug] [2025-06-05T04:09:43.630Z] Accepted request POST /amzaon-clone-4bb41/us-central1/api/payments/create?total=7980 --> us-central1-api
[debug] [2025-06-05T04:09:43.637Z] [functions] Runtime ready! Sending request! {"metadata":{"emulator":{"name":"functions"},"message":"[functions] Runtime ready! Sending request!"}}
[debug] [2025-06-05T04:09:43.637Z] [functions] Got req.url=/amzaon-clone-4bb41/us-central1/api/payments/create?total=7980, mapping to path=/payments/create?total=7980 {"metadata":{"emulator":{"name":"functions"},"message":"[functions] Got req.url=/amzaon-clone-4bb41/us-central1/api/payments/create?total=7980, mapping to path=/payments/create?total=7980"}}
[info] i  functions: Loaded environment variables from .env. 
[debug] [2025-06-05T04:09:43.641Z] [worker-pool] addWorker(us-central1-api) {"metadata":{"emulator":{"name":"functions"},"message":"[worker-pool] addWorker(us-central1-api)"}}
[debug] [2025-06-05T04:09:43.642Z] [worker-pool] Adding worker with key us-central1-api, total=1 {"metadata":{"emulator":{"name":"functions"},"message":"[worker-pool] Adding worker with key us-central1-api, total=1"}}
[debug] [2025-06-05T04:09:43.645Z] [work-queue] {"queuedWork":["/amzaon-clone-4bb41/us-central1/api/payments/create-2025-06-05T04:09:43.645Z"],"queueLength":1,"runningWork":["/amzaon-clone-4bb41/us-central1/api/payments/create-2025-06-05T04:09:43.627Z"],"workRunningCount":1}
[debug] [2025-06-05T04:09:43.645Z] [work-queue] {"queuedWork":[],"queueLength":0,"runningWork":["/amzaon-clone-4bb41/us-central1/api/payments/create-2025-06-05T04:09:43.627Z","/amzaon-clone-4bb41/us-central1/api/payments/create-2025-06-05T04:09:43.645Z"],"workRunningCount":2}
[debug] [2025-06-05T04:09:43.645Z] Accepted request POST /amzaon-clone-4bb41/us-central1/api/payments/create?total=7980 --> us-central1-api
[debug] [2025-06-05T04:09:43.648Z] [functions] Runtime ready! Sending request! {"metadata":{"emulator":{"name":"functions"},"message":"[functions] Runtime ready! Sending request!"}}
[debug] [2025-06-05T04:09:43.650Z] [functions] Got req.url=/amzaon-clone-4bb41/us-central1/api/payments/create?total=7980, mapping to path=/payments/create?total=7980 {"metadata":{"emulator":{"name":"functions"},"message":"[functions] Got req.url=/amzaon-clone-4bb41/us-central1/api/payments/create?total=7980, mapping to path=/payments/create?total=7980"}}
[info] i  functions: Loaded environment variables from .env. 
[debug] [2025-06-05T04:09:43.655Z] [worker-pool] addWorker(us-central1-api) {"metadata":{"emulator":{"name":"functions"},"message":"[worker-pool] addWorker(us-central1-api)"}}
[debug] [2025-06-05T04:09:43.656Z] [worker-pool] Adding worker with key us-central1-api, total=2 {"metadata":{"emulator":{"name":"functions"},"message":"[worker-pool] Adding worker with key us-central1-api, total=2"}}
[debug] [2025-06-05T04:09:44.483Z] [runtime-status] [21443] Resolved module firebase-admin {"declared":true,"installed":true,"version":"12.7.0","resolution":"/Users/shuwang/Documents/personal/insist_CS/portfolio/practice/010-full-stack-amazon-clone/amazon-clone/functions/node_modules/firebase-admin/lib/index.js"} {"metadata":{"emulator":{"name":"functions"},"function":{"name":"us-central1-api"},"extension":{},"message":"[runtime-status] [21443] Resolved module firebase-admin {\"declared\":true,\"installed\":true,\"version\":\"12.7.0\",\"resolution\":\"/Users/shuwang/Documents/personal/insist_CS/portfolio/practice/010-full-stack-amazon-clone/amazon-clone/functions/node_modules/firebase-admin/lib/index.js\"}"}}
[debug] [2025-06-05T04:09:44.484Z] [runtime-status] [21442] Resolved module firebase-admin {"declared":true,"installed":true,"version":"12.7.0","resolution":"/Users/shuwang/Documents/personal/insist_CS/portfolio/practice/010-full-stack-amazon-clone/amazon-clone/functions/node_modules/firebase-admin/lib/index.js"} {"metadata":{"emulator":{"name":"functions"},"function":{"name":"us-central1-api"},"extension":{},"message":"[runtime-status] [21442] Resolved module firebase-admin {\"declared\":true,\"installed\":true,\"version\":\"12.7.0\",\"resolution\":\"/Users/shuwang/Documents/personal/insist_CS/portfolio/practice/010-full-stack-amazon-clone/amazon-clone/functions/node_modules/firebase-admin/lib/index.js\"}"}}
[debug] [2025-06-05T04:09:44.485Z] [runtime-status] [21443] Resolved module firebase-functions {"declared":true,"installed":true,"version":"6.3.2","resolution":"/Users/shuwang/Documents/personal/insist_CS/portfolio/practice/010-full-stack-amazon-clone/amazon-clone/functions/node_modules/firebase-functions/lib/v2/index.js"} {"metadata":{"emulator":{"name":"functions"},"function":{"name":"us-central1-api"},"extension":{},"message":"[runtime-status] [21443] Resolved module firebase-functions {\"declared\":true,\"installed\":true,\"version\":\"6.3.2\",\"resolution\":\"/Users/shuwang/Documents/personal/insist_CS/portfolio/practice/010-full-stack-amazon-clone/amazon-clone/functions/node_modules/firebase-functions/lib/v2/index.js\"}"}}
[debug] [2025-06-05T04:09:44.485Z] [runtime-status] [21443] Outgoing network have been stubbed. [{"name":"http","status":"mocked"},{"name":"http","status":"mocked"},{"name":"https","status":"mocked"},{"name":"https","status":"mocked"},{"name":"net","status":"mocked"}] {"metadata":{"emulator":{"name":"functions"},"function":{"name":"us-central1-api"},"extension":{},"message":"[runtime-status] [21443] Outgoing network have been stubbed. [{\"name\":\"http\",\"status\":\"mocked\"},{\"name\":\"http\",\"status\":\"mocked\"},{\"name\":\"https\",\"status\":\"mocked\"},{\"name\":\"https\",\"status\":\"mocked\"},{\"name\":\"net\",\"status\":\"mocked\"}]"}}
[debug] [2025-06-05T04:09:44.485Z] [runtime-status] [21443] Resolved module firebase-functions {"declared":true,"installed":true,"version":"6.3.2","resolution":"/Users/shuwang/Documents/personal/insist_CS/portfolio/practice/010-full-stack-amazon-clone/amazon-clone/functions/node_modules/firebase-functions/lib/v2/index.js"} {"metadata":{"emulator":{"name":"functions"},"function":{"name":"us-central1-api"},"extension":{},"message":"[runtime-status] [21443] Resolved module firebase-functions {\"declared\":true,\"installed\":true,\"version\":\"6.3.2\",\"resolution\":\"/Users/shuwang/Documents/personal/insist_CS/portfolio/practice/010-full-stack-amazon-clone/amazon-clone/functions/node_modules/firebase-functions/lib/v2/index.js\"}"}}
[debug] [2025-06-05T04:09:44.486Z] [runtime-status] [21442] Resolved module firebase-functions {"declared":true,"installed":true,"version":"6.3.2","resolution":"/Users/shuwang/Documents/personal/insist_CS/portfolio/practice/010-full-stack-amazon-clone/amazon-clone/functions/node_modules/firebase-functions/lib/v2/index.js"} {"metadata":{"emulator":{"name":"functions"},"function":{"name":"us-central1-api"},"extension":{},"message":"[runtime-status] [21442] Resolved module firebase-functions {\"declared\":true,\"installed\":true,\"version\":\"6.3.2\",\"resolution\":\"/Users/shuwang/Documents/personal/insist_CS/portfolio/practice/010-full-stack-amazon-clone/amazon-clone/functions/node_modules/firebase-functions/lib/v2/index.js\"}"}}
[debug] [2025-06-05T04:09:44.486Z] [runtime-status] [21442] Outgoing network have been stubbed. [{"name":"http","status":"mocked"},{"name":"http","status":"mocked"},{"name":"https","status":"mocked"},{"name":"https","status":"mocked"},{"name":"net","status":"mocked"}] {"metadata":{"emulator":{"name":"functions"},"function":{"name":"us-central1-api"},"extension":{},"message":"[runtime-status] [21442] Outgoing network have been stubbed. [{\"name\":\"http\",\"status\":\"mocked\"},{\"name\":\"http\",\"status\":\"mocked\"},{\"name\":\"https\",\"status\":\"mocked\"},{\"name\":\"https\",\"status\":\"mocked\"},{\"name\":\"net\",\"status\":\"mocked\"}]"}}
[debug] [2025-06-05T04:09:44.486Z] [runtime-status] [21442] Resolved module firebase-functions {"declared":true,"installed":true,"version":"6.3.2","resolution":"/Users/shuwang/Documents/personal/insist_CS/portfolio/practice/010-full-stack-amazon-clone/amazon-clone/functions/node_modules/firebase-functions/lib/v2/index.js"} {"metadata":{"emulator":{"name":"functions"},"function":{"name":"us-central1-api"},"extension":{},"message":"[runtime-status] [21442] Resolved module firebase-functions {\"declared\":true,\"installed\":true,\"version\":\"6.3.2\",\"resolution\":\"/Users/shuwang/Documents/personal/insist_CS/portfolio/practice/010-full-stack-amazon-clone/amazon-clone/functions/node_modules/firebase-functions/lib/v2/index.js\"}"}}
[debug] [2025-06-05T04:09:44.833Z] [runtime-status] [21443] Checked functions.config() {"config":{}} {"metadata":{"emulator":{"name":"functions"},"function":{"name":"us-central1-api"},"extension":{},"message":"[runtime-status] [21443] Checked functions.config() {\"config\":{}}"}}
[debug] [2025-06-05T04:09:44.834Z] [runtime-status] [21442] Checked functions.config() {"config":{}} {"metadata":{"emulator":{"name":"functions"},"function":{"name":"us-central1-api"},"extension":{},"message":"[runtime-status] [21442] Checked functions.config() {\"config\":{}}"}}
[debug] [2025-06-05T04:09:44.834Z] [runtime-status] [21442] firebase-functions has been stubbed. {"functionsResolution":{"declared":true,"installed":true,"version":"6.3.2","resolution":"/Users/shuwang/Documents/personal/insist_CS/portfolio/practice/010-full-stack-amazon-clone/amazon-clone/functions/node_modules/firebase-functions/lib/v2/index.js"}} {"metadata":{"emulator":{"name":"functions"},"function":{"name":"us-central1-api"},"extension":{},"message":"[runtime-status] [21442] firebase-functions has been stubbed. {\"functionsResolution\":{\"declared\":true,\"installed\":true,\"version\":\"6.3.2\",\"resolution\":\"/Users/shuwang/Documents/personal/insist_CS/portfolio/practice/010-full-stack-amazon-clone/amazon-clone/functions/node_modules/firebase-functions/lib/v2/index.js\"}}"}}
[debug] [2025-06-05T04:09:44.834Z] [runtime-status] [21442] Resolved module firebase-functions {"declared":true,"installed":true,"version":"6.3.2","resolution":"/Users/shuwang/Documents/personal/insist_CS/portfolio/practice/010-full-stack-amazon-clone/amazon-clone/functions/node_modules/firebase-functions/lib/v2/index.js"} {"metadata":{"emulator":{"name":"functions"},"function":{"name":"us-central1-api"},"extension":{},"message":"[runtime-status] [21442] Resolved module firebase-functions {\"declared\":true,\"installed\":true,\"version\":\"6.3.2\",\"resolution\":\"/Users/shuwang/Documents/personal/insist_CS/portfolio/practice/010-full-stack-amazon-clone/amazon-clone/functions/node_modules/firebase-functions/lib/v2/index.js\"}"}}
[debug] [2025-06-05T04:09:44.834Z] [runtime-status] [21443] firebase-functions has been stubbed. {"functionsResolution":{"declared":true,"installed":true,"version":"6.3.2","resolution":"/Users/shuwang/Documents/personal/insist_CS/portfolio/practice/010-full-stack-amazon-clone/amazon-clone/functions/node_modules/firebase-functions/lib/v2/index.js"}} {"metadata":{"emulator":{"name":"functions"},"function":{"name":"us-central1-api"},"extension":{},"message":"[runtime-status] [21443] firebase-functions has been stubbed. {\"functionsResolution\":{\"declared\":true,\"installed\":true,\"version\":\"6.3.2\",\"resolution\":\"/Users/shuwang/Documents/personal/insist_CS/portfolio/practice/010-full-stack-amazon-clone/amazon-clone/functions/node_modules/firebase-functions/lib/v2/index.js\"}}"}}
[debug] [2025-06-05T04:09:44.834Z] [runtime-status] [21443] Resolved module firebase-functions {"declared":true,"installed":true,"version":"6.3.2","resolution":"/Users/shuwang/Documents/personal/insist_CS/portfolio/practice/010-full-stack-amazon-clone/amazon-clone/functions/node_modules/firebase-functions/lib/v2/index.js"} {"metadata":{"emulator":{"name":"functions"},"function":{"name":"us-central1-api"},"extension":{},"message":"[runtime-status] [21443] Resolved module firebase-functions {\"declared\":true,\"installed\":true,\"version\":\"6.3.2\",\"resolution\":\"/Users/shuwang/Documents/personal/insist_CS/portfolio/practice/010-full-stack-amazon-clone/amazon-clone/functions/node_modules/firebase-functions/lib/v2/index.js\"}"}}
[debug] [2025-06-05T04:09:44.843Z] [runtime-status] [21443] Resolved module firebase-admin {"declared":true,"installed":true,"version":"12.7.0","resolution":"/Users/shuwang/Documents/personal/insist_CS/portfolio/practice/010-full-stack-amazon-clone/amazon-clone/functions/node_modules/firebase-admin/lib/index.js"} {"metadata":{"emulator":{"name":"functions"},"function":{"name":"us-central1-api"},"extension":{},"message":"[runtime-status] [21443] Resolved module firebase-admin {\"declared\":true,\"installed\":true,\"version\":\"12.7.0\",\"resolution\":\"/Users/shuwang/Documents/personal/insist_CS/portfolio/practice/010-full-stack-amazon-clone/amazon-clone/functions/node_modules/firebase-admin/lib/index.js\"}"}}
[debug] [2025-06-05T04:09:44.844Z] [runtime-status] [21442] Resolved module firebase-admin {"declared":true,"installed":true,"version":"12.7.0","resolution":"/Users/shuwang/Documents/personal/insist_CS/portfolio/practice/010-full-stack-amazon-clone/amazon-clone/functions/node_modules/firebase-admin/lib/index.js"} {"metadata":{"emulator":{"name":"functions"},"function":{"name":"us-central1-api"},"extension":{},"message":"[runtime-status] [21442] Resolved module firebase-admin {\"declared\":true,\"installed\":true,\"version\":\"12.7.0\",\"resolution\":\"/Users/shuwang/Documents/personal/insist_CS/portfolio/practice/010-full-stack-amazon-clone/amazon-clone/functions/node_modules/firebase-admin/lib/index.js\"}"}}
[debug] [2025-06-05T04:09:44.847Z] [runtime-status] [21443] Resolved module firebase-functions {"declared":true,"installed":true,"version":"6.3.2","resolution":"/Users/shuwang/Documents/personal/insist_CS/portfolio/practice/010-full-stack-amazon-clone/amazon-clone/functions/node_modules/firebase-functions/lib/v2/index.js"} {"metadata":{"emulator":{"name":"functions"},"function":{"name":"us-central1-api"},"extension":{},"message":"[runtime-status] [21443] Resolved module firebase-functions {\"declared\":true,\"installed\":true,\"version\":\"6.3.2\",\"resolution\":\"/Users/shuwang/Documents/personal/insist_CS/portfolio/practice/010-full-stack-amazon-clone/amazon-clone/functions/node_modules/firebase-functions/lib/v2/index.js\"}"}}
[debug] [2025-06-05T04:09:44.847Z] [runtime-status] [21443] firebase-admin has been stubbed. {"adminResolution":{"declared":true,"installed":true,"version":"12.7.0","resolution":"/Users/shuwang/Documents/personal/insist_CS/portfolio/practice/010-full-stack-amazon-clone/amazon-clone/functions/node_modules/firebase-admin/lib/index.js"}} {"metadata":{"emulator":{"name":"functions"},"function":{"name":"us-central1-api"},"extension":{},"message":"[runtime-status] [21443] firebase-admin has been stubbed. {\"adminResolution\":{\"declared\":true,\"installed\":true,\"version\":\"12.7.0\",\"resolution\":\"/Users/shuwang/Documents/personal/insist_CS/portfolio/practice/010-full-stack-amazon-clone/amazon-clone/functions/node_modules/firebase-admin/lib/index.js\"}}"}}
[debug] [2025-06-05T04:09:44.847Z] [runtime-status] [21442] Resolved module firebase-functions {"declared":true,"installed":true,"version":"6.3.2","resolution":"/Users/shuwang/Documents/personal/insist_CS/portfolio/practice/010-full-stack-amazon-clone/amazon-clone/functions/node_modules/firebase-functions/lib/v2/index.js"} {"metadata":{"emulator":{"name":"functions"},"function":{"name":"us-central1-api"},"extension":{},"message":"[runtime-status] [21442] Resolved module firebase-functions {\"declared\":true,\"installed\":true,\"version\":\"6.3.2\",\"resolution\":\"/Users/shuwang/Documents/personal/insist_CS/portfolio/practice/010-full-stack-amazon-clone/amazon-clone/functions/node_modules/firebase-functions/lib/v2/index.js\"}"}}
[debug] [2025-06-05T04:09:44.847Z] [runtime-status] [21442] firebase-admin has been stubbed. {"adminResolution":{"declared":true,"installed":true,"version":"12.7.0","resolution":"/Users/shuwang/Documents/personal/insist_CS/portfolio/practice/010-full-stack-amazon-clone/amazon-clone/functions/node_modules/firebase-admin/lib/index.js"}} {"metadata":{"emulator":{"name":"functions"},"function":{"name":"us-central1-api"},"extension":{},"message":"[runtime-status] [21442] firebase-admin has been stubbed. {\"adminResolution\":{\"declared\":true,\"installed\":true,\"version\":\"12.7.0\",\"resolution\":\"/Users/shuwang/Documents/personal/insist_CS/portfolio/practice/010-full-stack-amazon-clone/amazon-clone/functions/node_modules/firebase-admin/lib/index.js\"}}"}}
[debug] [2025-06-05T04:09:45.042Z] [runtime-status] [21442] Functions runtime initialized. {"cwd":"/Users/shuwang/Documents/personal/insist_CS/portfolio/practice/010-full-stack-amazon-clone/amazon-clone/functions","node_version":"22.15.0"} {"metadata":{"emulator":{"name":"functions"},"function":{"name":"us-central1-api"},"extension":{},"message":"[runtime-status] [21442] Functions runtime initialized. {\"cwd\":\"/Users/shuwang/Documents/personal/insist_CS/portfolio/practice/010-full-stack-amazon-clone/amazon-clone/functions\",\"node_version\":\"22.15.0\"}"}}
[debug] [2025-06-05T04:09:45.042Z] [runtime-status] [21442] Listening to port: /var/folders/2_/hznb4nh92kgbbg6l4hz4nkm00000gn/T/fire_emu_ec98a54cc5c5a046.sock {"metadata":{"emulator":{"name":"functions"},"function":{"name":"us-central1-api"},"extension":{},"message":"[runtime-status] [21442] Listening to port: /var/folders/2_/hznb4nh92kgbbg6l4hz4nkm00000gn/T/fire_emu_ec98a54cc5c5a046.sock"}}
[debug] [2025-06-05T04:09:45.042Z] [runtime-status] [21443] Functions runtime initialized. {"cwd":"/Users/shuwang/Documents/personal/insist_CS/portfolio/practice/010-full-stack-amazon-clone/amazon-clone/functions","node_version":"22.15.0"} {"metadata":{"emulator":{"name":"functions"},"function":{"name":"us-central1-api"},"extension":{},"message":"[runtime-status] [21443] Functions runtime initialized. {\"cwd\":\"/Users/shuwang/Documents/personal/insist_CS/portfolio/practice/010-full-stack-amazon-clone/amazon-clone/functions\",\"node_version\":\"22.15.0\"}"}}
[debug] [2025-06-05T04:09:45.043Z] [runtime-status] [21443] Listening to port: /var/folders/2_/hznb4nh92kgbbg6l4hz4nkm00000gn/T/fire_emu_43133a080c5095f4.sock {"metadata":{"emulator":{"name":"functions"},"function":{"name":"us-central1-api"},"extension":{},"message":"[runtime-status] [21443] Listening to port: /var/folders/2_/hznb4nh92kgbbg6l4hz4nkm00000gn/T/fire_emu_43133a080c5095f4.sock"}}
[debug] [2025-06-05T04:09:45.090Z] [worker-us-central1-api-cd550521-b6bd-4f65-a937-c3375a10df9c]: IDLE {"metadata":{"emulator":{"name":"functions"},"function":{"name":"us-central1-api"},"extension":{},"message":"[worker-us-central1-api-cd550521-b6bd-4f65-a937-c3375a10df9c]: IDLE"}}
[debug] [2025-06-05T04:09:45.090Z] [worker-pool] submitRequest(triggerId=us-central1-api) {"metadata":{"emulator":{"name":"functions"},"message":"[worker-pool] submitRequest(triggerId=us-central1-api)"}}
[info] i  functions: Beginning execution of "us-central1-api" {"metadata":{"emulator":{"name":"functions"},"function":{"name":"us-central1-api"},"extension":{},"message":"Beginning execution of \"us-central1-api\""}}
[debug] [2025-06-05T04:09:45.091Z] [worker-us-central1-api-cd550521-b6bd-4f65-a937-c3375a10df9c]: BUSY {"metadata":{"emulator":{"name":"functions"},"function":{"name":"us-central1-api"},"extension":{},"message":"[worker-us-central1-api-cd550521-b6bd-4f65-a937-c3375a10df9c]: BUSY"}}
[info] >  Payment Request Received YEES!!  for this amount >>> 7980 {"user":"Payment Request Received YEES!!  for this amount >>> 7980","metadata":{"emulator":{"name":"functions"},"function":{"name":"us-central1-api"},"extension":{},"message":"\u001b[90m> \u001b[39m Payment Request Received YEES!!  for this amount >>> 7980"}}
[debug] [2025-06-05T04:09:45.120Z] [worker-us-central1-api-dae8e5af-e2b6-47af-8feb-a8319d5c5435]: IDLE {"metadata":{"emulator":{"name":"functions"},"function":{"name":"us-central1-api"},"extension":{},"message":"[worker-us-central1-api-dae8e5af-e2b6-47af-8feb-a8319d5c5435]: IDLE"}}
[debug] [2025-06-05T04:09:45.120Z] [worker-pool] submitRequest(triggerId=us-central1-api) {"metadata":{"emulator":{"name":"functions"},"message":"[worker-pool] submitRequest(triggerId=us-central1-api)"}}
[info] i  functions: Beginning execution of "us-central1-api" {"metadata":{"emulator":{"name":"functions"},"function":{"name":"us-central1-api"},"extension":{},"message":"Beginning execution of \"us-central1-api\""}}
[debug] [2025-06-05T04:09:45.121Z] [worker-us-central1-api-dae8e5af-e2b6-47af-8feb-a8319d5c5435]: BUSY {"metadata":{"emulator":{"name":"functions"},"function":{"name":"us-central1-api"},"extension":{},"message":"[worker-us-central1-api-dae8e5af-e2b6-47af-8feb-a8319d5c5435]: BUSY"}}
[info] >  Payment Request Received YEES!!  for this amount >>> 7980 {"user":"Payment Request Received YEES!!  for this amount >>> 7980","metadata":{"emulator":{"name":"functions"},"function":{"name":"us-central1-api"},"extension":{},"message":"\u001b[90m> \u001b[39m Payment Request Received YEES!!  for this amount >>> 7980"}}
[debug] [2025-06-05T04:09:45.661Z] Finishing up request with event=pause {"metadata":{"emulator":{"name":"functions"},"function":{"name":"us-central1-api"},"extension":{},"message":"Finishing up request with event=pause"}}
[info] i  functions: Finished "us-central1-api" in 540.653ms {"metadata":{"emulator":{"name":"functions"},"function":{"name":"us-central1-api"},"extension":{},"message":"Finished \"us-central1-api\" in 540.653ms"}}
[debug] [2025-06-05T04:09:45.662Z] [worker-us-central1-api-dae8e5af-e2b6-47af-8feb-a8319d5c5435]: IDLE {"metadata":{"emulator":{"name":"functions"},"function":{"name":"us-central1-api"},"extension":{},"message":"[worker-us-central1-api-dae8e5af-e2b6-47af-8feb-a8319d5c5435]: IDLE"}}
[debug] [2025-06-05T04:09:45.663Z] Finishing up request with event=finish {"metadata":{"emulator":{"name":"functions"},"function":{"name":"us-central1-api"},"extension":{},"message":"Finishing up request with event=finish"}}
[debug] [2025-06-05T04:09:45.663Z] Finishing up request with event=close {"metadata":{"emulator":{"name":"functions"},"function":{"name":"us-central1-api"},"extension":{},"message":"Finishing up request with event=close"}}
[debug] [2025-06-05T04:09:45.663Z] [work-queue] {"queuedWork":[],"queueLength":0,"runningWork":["/amzaon-clone-4bb41/us-central1/api/payments/create-2025-06-05T04:09:43.627Z"],"workRunningCount":1}
[debug] [2025-06-05T04:09:45.702Z] Finishing up request with event=pause {"metadata":{"emulator":{"name":"functions"},"function":{"name":"us-central1-api"},"extension":{},"message":"Finishing up request with event=pause"}}
[info] i  functions: Finished "us-central1-api" in 610.972208ms {"metadata":{"emulator":{"name":"functions"},"function":{"name":"us-central1-api"},"extension":{},"message":"Finished \"us-central1-api\" in 610.972208ms"}}
[debug] [2025-06-05T04:09:45.704Z] [worker-us-central1-api-cd550521-b6bd-4f65-a937-c3375a10df9c]: IDLE {"metadata":{"emulator":{"name":"functions"},"function":{"name":"us-central1-api"},"extension":{},"message":"[worker-us-central1-api-cd550521-b6bd-4f65-a937-c3375a10df9c]: IDLE"}}
[debug] [2025-06-05T04:09:45.705Z] Finishing up request with event=finish {"metadata":{"emulator":{"name":"functions"},"function":{"name":"us-central1-api"},"extension":{},"message":"Finishing up request with event=finish"}}
[debug] [2025-06-05T04:09:45.705Z] Finishing up request with event=close {"metadata":{"emulator":{"name":"functions"},"function":{"name":"us-central1-api"},"extension":{},"message":"Finishing up request with event=close"}}
[debug] [2025-06-05T04:09:45.705Z] [work-queue] {"queuedWork":[],"queueLength":0,"runningWork":[],"workRunningCount":0}
[debug] [2025-06-05T04:09:57.229Z] [work-queue] {"queuedWork":["/amzaon-clone-4bb41/us-central1/api/payments/create-2025-06-05T04:09:57.229Z"],"queueLength":1,"runningWork":[],"workRunningCount":0}
[debug] [2025-06-05T04:09:57.231Z] [work-queue] {"queuedWork":[],"queueLength":0,"runningWork":["/amzaon-clone-4bb41/us-central1/api/payments/create-2025-06-05T04:09:57.229Z"],"workRunningCount":1}
[debug] [2025-06-05T04:09:57.231Z] Accepted request POST /amzaon-clone-4bb41/us-central1/api/payments/create?total=0 --> us-central1-api
[debug] [2025-06-05T04:09:57.235Z] [functions] Runtime ready! Sending request! {"metadata":{"emulator":{"name":"functions"},"message":"[functions] Runtime ready! Sending request!"}}
[debug] [2025-06-05T04:09:57.236Z] [functions] Got req.url=/amzaon-clone-4bb41/us-central1/api/payments/create?total=0, mapping to path=/payments/create?total=0 {"metadata":{"emulator":{"name":"functions"},"message":"[functions] Got req.url=/amzaon-clone-4bb41/us-central1/api/payments/create?total=0, mapping to path=/payments/create?total=0"}}
[debug] [2025-06-05T04:09:57.236Z] [worker-pool] submitRequest(triggerId=us-central1-api) {"metadata":{"emulator":{"name":"functions"},"message":"[worker-pool] submitRequest(triggerId=us-central1-api)"}}
[info] i  functions: Beginning execution of "us-central1-api" {"metadata":{"emulator":{"name":"functions"},"function":{"name":"us-central1-api"},"extension":{},"message":"Beginning execution of \"us-central1-api\""}}
[debug] [2025-06-05T04:09:57.236Z] [worker-us-central1-api-cd550521-b6bd-4f65-a937-c3375a10df9c]: BUSY {"metadata":{"emulator":{"name":"functions"},"function":{"name":"us-central1-api"},"extension":{},"message":"[worker-us-central1-api-cd550521-b6bd-4f65-a937-c3375a10df9c]: BUSY"}}
[info] >  Payment Request Received YEES!!  for this amount >>> 0 {"user":"Payment Request Received YEES!!  for this amount >>> 0","metadata":{"emulator":{"name":"functions"},"function":{"name":"us-central1-api"},"extension":{},"message":"\u001b[90m> \u001b[39m Payment Request Received YEES!!  for this amount >>> 0"}}
[debug] [2025-06-05T04:09:57.452Z] Finishing up request with event=pause {"metadata":{"emulator":{"name":"functions"},"function":{"name":"us-central1-api"},"extension":{},"message":"Finishing up request with event=pause"}}
[info] i  functions: Finished "us-central1-api" in 216.035083ms {"metadata":{"emulator":{"name":"functions"},"function":{"name":"us-central1-api"},"extension":{},"message":"Finished \"us-central1-api\" in 216.035083ms"}}
[debug] [2025-06-05T04:09:57.453Z] [worker-us-central1-api-cd550521-b6bd-4f65-a937-c3375a10df9c]: IDLE {"metadata":{"emulator":{"name":"functions"},"function":{"name":"us-central1-api"},"extension":{},"message":"[worker-us-central1-api-cd550521-b6bd-4f65-a937-c3375a10df9c]: IDLE"}}
[debug] [2025-06-05T04:09:57.453Z] Finishing up request with event=finish {"metadata":{"emulator":{"name":"functions"},"function":{"name":"us-central1-api"},"extension":{},"message":"Finishing up request with event=finish"}}
[debug] [2025-06-05T04:09:57.453Z] Finishing up request with event=close {"metadata":{"emulator":{"name":"functions"},"function":{"name":"us-central1-api"},"extension":{},"message":"Finishing up request with event=close"}}
[debug] [2025-06-05T04:09:57.455Z] [work-queue] {"queuedWork":[],"queueLength":0,"runningWork":[],"workRunningCount":0}
[info] >  Error: The amount must be greater than or equal to the minimum charge amount allowed for your account and the currency set (https://docs.stripe.com/currencies#minimum-and-maximum-charge-amounts).  If you want to save a Payment Method for future use without an immediate payment, use a Setup Intent instead: https://docs.stripe.com/payments/setup-intents {"user":"Error: The amount must be greater than or equal to the minimum charge amount allowed for your account and the currency set (https://docs.stripe.com/currencies#minimum-and-maximum-charge-amounts).  If you want to save a Payment Method for future use without an immediate payment, use a Setup Intent instead: https://docs.stripe.com/payments/setup-intents","metadata":{"emulator":{"name":"functions"},"function":{"name":"us-central1-api"},"extension":{},"message":"\u001b[90m> \u001b[39m Error: The amount must be greater than or equal to the minimum charge amount allowed for your account and the currency set (https://docs.stripe.com/currencies#minimum-and-maximum-charge-amounts).  If you want to save a Payment Method for future use without an immediate payment, use a Setup Intent instead: https://docs.stripe.com/payments/setup-intents"}}
[info] >      at generateV1Error (/Users/shuwang/Documents/personal/insist_CS/portfolio/practice/010-full-stack-amazon-clone/amazon-clone/functions/node_modules/stripe/cjs/Error.js:11:20) {"user":"    at generateV1Error (/Users/shuwang/Documents/personal/insist_CS/portfolio/practice/010-full-stack-amazon-clone/amazon-clone/functions/node_modules/stripe/cjs/Error.js:11:20)","metadata":{"emulator":{"name":"functions"},"function":{"name":"us-central1-api"},"extension":{},"message":"\u001b[90m> \u001b[39m     at generateV1Error (/Users/shuwang/Documents/personal/insist_CS/portfolio/practice/010-full-stack-amazon-clone/amazon-clone/functions/node_modules/stripe/cjs/Error.js:11:20)"}}
[info] >      at res.toJSON.then.Error_js_1.StripeAPIError.message (/Users/shuwang/Documents/personal/insist_CS/portfolio/practice/010-full-stack-amazon-clone/amazon-clone/functions/node_modules/stripe/cjs/RequestSender.js:108:62) {"user":"    at res.toJSON.then.Error_js_1.StripeAPIError.message (/Users/shuwang/Documents/personal/insist_CS/portfolio/practice/010-full-stack-amazon-clone/amazon-clone/functions/node_modules/stripe/cjs/RequestSender.js:108:62)","metadata":{"emulator":{"name":"functions"},"function":{"name":"us-central1-api"},"extension":{},"message":"\u001b[90m> \u001b[39m     at res.toJSON.then.Error_js_1.StripeAPIError.message (/Users/shuwang/Documents/personal/insist_CS/portfolio/practice/010-full-stack-amazon-clone/amazon-clone/functions/node_modules/stripe/cjs/RequestSender.js:108:62)"}}
[info] >      at process.processTicksAndRejections (node:internal/process/task_queues:105:5) {"user":"    at process.processTicksAndRejections (node:internal/process/task_queues:105:5)","metadata":{"emulator":{"name":"functions"},"function":{"name":"us-central1-api"},"extension":{},"message":"\u001b[90m> \u001b[39m     at process.processTicksAndRejections (node:internal/process/task_queues:105:5)"}}
